src/analytics/advanced/analytics-advanced.services.ts(85,17): error TS2353: Object literal may only specify known properties, and 'businessId' does not exist in type 'CustomerWhereInput'.
src/analytics/advanced/analytics-advanced.services.ts(109,60): error TS2339: Property 'conversations' does not exist on type '{ tags: string[]; name: string | null; email: string; id: string; isActive: boolean; createdAt: Date; updatedAt: Date; password: string; phone: string | null; aiConfig: JsonValue; ... 11 more ...; lastInteraction: Date; }'.
src/analytics/advanced/analytics-advanced.services.ts(178,37): error TS2339: Property 'intentLog' does not exist on type 'PrismaClient<PrismaClientOptions, never, DefaultArgs>'.
src/analytics/advanced/analytics-advanced.services.ts(191,32): error TS7006: Parameter 'log' implicitly has an 'any' type.
src/analytics/advanced/analytics-advanced.services.ts(204,17): error TS2353: Object literal may only specify known properties, and 'businessId' does not exist in type 'CostLogWhereInput'.
src/analytics/advanced/analytics-advanced.services.ts(225,39): error TS2339: Property 'sentimentLog' does not exist on type 'PrismaClient<PrismaClientOptions, never, DefaultArgs>'.
src/analytics/advanced/analytics-advanced.services.ts(315,22): error TS2353: Object literal may only specify known properties, and 'businessId' does not exist in type 'CustomerWhereInput'.
src/analytics/advanced/analytics-advanced.services.ts(401,17): error TS2353: Object literal may only specify known properties, and 'businessId' does not exist in type 'CostLogWhereInput'.
src/analytics/advanced/analytics-advanced.services.ts(422,22): error TS2353: Object literal may only specify known properties, and 'businessId' does not exist in type 'CustomerWhereInput'.
src/analytics/advanced/analytics-advanced.services.ts(431,45): error TS2339: Property '_count' does not exist on type '{ tags: string[]; name: string | null; email: string; id: string; isActive: boolean; createdAt: Date; updatedAt: Date; password: string; phone: string | null; aiConfig: JsonValue; ... 11 more ...; lastInteraction: Date; }'.
src/analytics/advanced/analytics-advanced.services.ts(482,17): error TS2353: Object literal may only specify known properties, and 'businessId' does not exist in type 'CustomerWhereInput'.
src/analytics/advanced/analytics-advanced.services.ts(497,50): error TS2339: Property '_count' does not exist on type '{ tags: string[]; name: string | null; email: string; id: string; isActive: boolean; createdAt: Date; updatedAt: Date; password: string; phone: string | null; aiConfig: JsonValue; ... 11 more ...; lastInteraction: Date; }'.
src/analytics/advanced/analytics-advanced.services.ts(582,45): error TS2339: Property 'sentimentLog' does not exist on type 'PrismaClient<PrismaClientOptions, never, DefaultArgs>'.
src/analytics/advanced/analytics-advanced.services.ts(596,37): error TS2339: Property 'intentLog' does not exist on type 'PrismaClient<PrismaClientOptions, never, DefaultArgs>'.
src/analytics/advanced/analytics-advanced.services.ts(716,40): error TS2339: Property 'intentLog' does not exist on type 'PrismaClient<PrismaClientOptions, never, DefaultArgs>'.
src/analytics/advanced/analytics-advanced.services.ts(724,42): error TS2339: Property 'sentimentLog' does not exist on type 'PrismaClient<PrismaClientOptions, never, DefaultArgs>'.
src/analytics/advanced/analytics-advanced.services.ts(784,22): error TS2353: Object literal may only specify known properties, and 'businessId' does not exist in type 'CustomerWhereInput'.
src/api/admin/admin.controller.ts(87,18): error TS2322: Type 'string | string[]' is not assignable to type 'string | undefined'.
  Type 'string[]' is not assignable to type 'string'.
src/api/admin/admin.controller.ts(170,18): error TS2322: Type 'string | string[]' is not assignable to type 'string | undefined'.
  Type 'string[]' is not assignable to type 'string'.
src/api/admin/admin.controller.ts(171,9): error TS2322: Type '{ name?: string | undefined; isActive?: boolean | undefined; phone?: string | undefined; aiConfig?: any; enabledChannels?: string[] | undefined; }' is not assignable to type '(Without<CustomerUpdateInput, CustomerUncheckedUpdateInput> & CustomerUncheckedUpdateInput) | (Without<...> & CustomerUpdateInput)'.
  Type '{ name?: string | undefined; isActive?: boolean | undefined; phone?: string | undefined; aiConfig?: any; enabledChannels?: string[] | undefined; }' is not assignable to type 'Without<CustomerUncheckedUpdateInput, CustomerUpdateInput> & CustomerUpdateInput'.
    Type '{ name?: string | undefined; isActive?: boolean | undefined; phone?: string | undefined; aiConfig?: any; enabledChannels?: string[] | undefined; }' is not assignable to type 'CustomerUpdateInput'.
      Types of property 'enabledChannels' are incompatible.
        Type 'string[] | undefined' is not assignable to type 'Channel[] | CustomerUpdateenabledChannelsInput | undefined'.
          Type 'string[]' is not assignable to type 'Channel[] | CustomerUpdateenabledChannelsInput | undefined'.
            Type 'string[]' is not assignable to type 'Channel[]'.
              Type 'string' is not assignable to type 'Channel'.
src/api/admin/admin.controller.ts(198,18): error TS2322: Type 'string | string[]' is not assignable to type 'string | undefined'.
  Type 'string[]' is not assignable to type 'string'.
src/api/admin/admin.controller.ts(217,18): error TS2322: Type 'string | string[]' is not assignable to type 'string | undefined'.
  Type 'string[]' is not assignable to type 'string'.
src/api/admin/admin.controller.ts(219,11): error TS2322: Type 'string | string[]' is not assignable to type 'string | undefined'.
  Type 'string[]' is not assignable to type 'string'.
src/api/admin/admin.routes.ts(2,29): error TS2307: Cannot find module '@clerk/express' or its corresponding type declarations.
src/api/advanced-analytics/advanced-analytics.routes.ts(33,23): error TS2345: Argument of type 'Error' is not assignable to parameter of type 'string'.
src/api/advanced-analytics/advanced-analytics.routes.ts(68,23): error TS2345: Argument of type 'Error' is not assignable to parameter of type 'string'.
src/api/advanced-analytics/advanced-analytics.routes.ts(92,23): error TS2345: Argument of type 'Error' is not assignable to parameter of type 'string'.
src/api/advanced-analytics/advanced-analytics.routes.ts(110,23): error TS2345: Argument of type 'Error' is not assignable to parameter of type 'string'.
src/api/advanced-analytics/advanced-analytics.routes.ts(153,13): error TS2322: Type 'string | string[]' is not assignable to type 'string'.
  Type 'string[]' is not assignable to type 'string'.
src/api/advanced-analytics/advanced-analytics.routes.ts(158,23): error TS2345: Argument of type 'Error' is not assignable to parameter of type 'string'.
src/api/advanced-analytics/advanced-analytics.routes.ts(173,13): error TS2322: Type 'string | string[]' is not assignable to type 'string'.
  Type 'string[]' is not assignable to type 'string'.
src/api/advanced-analytics/advanced-analytics.routes.ts(178,23): error TS2345: Argument of type 'Error' is not assignable to parameter of type 'string'.
src/api/advanced-analytics/advanced-analytics.routes.ts(193,13): error TS2322: Type 'string | string[]' is not assignable to type 'string'.
  Type 'string[]' is not assignable to type 'string'.
src/api/advanced-analytics/advanced-analytics.routes.ts(198,23): error TS2345: Argument of type 'Error' is not assignable to parameter of type 'string'.
src/api/advanced-analytics/advanced-analytics.routes.ts(216,23): error TS2345: Argument of type 'Error' is not assignable to parameter of type 'string'.
src/api/advanced-analytics/advanced-analytics.routes.ts(250,23): error TS2345: Argument of type 'Error' is not assignable to parameter of type 'string'.
src/api/advanced-campaigns/advanced-campaigns.routes.ts(46,56): error TS2345: Argument of type '{ name: string; campaignId: string; variants: { name: string; content: string; subject?: string | undefined; weight?: number | undefined; }[]; description?: string | undefined; winnerCriteria?: "OPEN_RATE" | ... 3 more ... | undefined; confidenceLevel?: number | undefined; sampleSize?: number | undefined; businessId...' is not assignable to parameter of type '{ businessId: string; campaignId: string; name: string; description?: string | undefined; variants: { name: string; content: string; subject?: string | undefined; weight?: number | undefined; }[]; winnerCriteria?: WinnerCriteria | undefined; confidenceLevel?: number | undefined; sampleSize?: number | undefined; }'.
  Types of property 'winnerCriteria' are incompatible.
    Type '"OPEN_RATE" | "CLICK_RATE" | "REPLY_RATE" | "CONVERSION_RATE" | undefined' is not assignable to type 'WinnerCriteria | undefined'.
      Type '"OPEN_RATE"' is not assignable to type 'WinnerCriteria | undefined'.
src/api/advanced-campaigns/advanced-campaigns.routes.ts(66,32): error TS2339: Property 'aBTest' does not exist on type 'PrismaClient<PrismaClientOptions, never, DefaultArgs>'.
src/api/advanced-campaigns/advanced-campaigns.routes.ts(85,31): error TS2339: Property 'aBTest' does not exist on type 'PrismaClient<PrismaClientOptions, never, DefaultArgs>'.
src/api/advanced-campaigns/advanced-campaigns.routes.ts(90,34): error TS2345: Argument of type 'Error' is not assignable to parameter of type 'string'.
src/api/advanced-campaigns/advanced-campaigns.routes.ts(107,55): error TS2345: Argument of type 'string | string[]' is not assignable to parameter of type 'string'.
  Type 'string[]' is not assignable to type 'string'.
src/api/advanced-campaigns/advanced-campaigns.routes.ts(123,63): error TS2345: Argument of type 'string | string[]' is not assignable to parameter of type 'string'.
  Type 'string[]' is not assignable to type 'string'.
src/api/advanced-campaigns/advanced-campaigns.routes.ts(175,13): error TS2322: Type 'string | string[]' is not assignable to type 'string'.
  Type 'string[]' is not assignable to type 'string'.
src/api/ai-advanced/ai-advanced.routes.ts(70,17): error TS2322: Type 'string | string[]' is not assignable to type 'string'.
  Type 'string[]' is not assignable to type 'string'.
src/api/ai-advanced/ai-advanced.routes.ts(217,44): error TS2339: Property 'sentimentLog' does not exist on type 'PrismaClient<PrismaClientOptions, never, DefaultArgs>'.
src/api/ai-advanced/ai-advanced.routes.ts(227,41): error TS2339: Property 'intentLog' does not exist on type 'PrismaClient<PrismaClientOptions, never, DefaultArgs>'.
src/api/ai-advanced/ai-advanced.routes.ts(237,42): error TS2339: Property 'sentimentLog' does not exist on type 'PrismaClient<PrismaClientOptions, never, DefaultArgs>'.
src/api/analytics/analytics.service.ts(140,36): error TS2353: Object literal may only specify known properties, and 'businessId' does not exist in type 'CustomerWhereInput'.
src/api/analytics/analytics.service.ts(141,40): error TS2353: Object literal may only specify known properties, and 'businessId' does not exist in type 'ConversationWhereInput'.
src/api/analytics/analytics.service.ts(142,51): error TS2353: Object literal may only specify known properties, and 'businessId' does not exist in type '(Without<ConversationScalarRelationFilter, ConversationWhereInput> & ConversationWhereInput) | (Without<...> & ConversationScalarRelationFilter)'.
src/api/analytics/analytics.service.ts(143,40): error TS2353: Object literal may only specify known properties, and 'businessId' does not exist in type 'ConversationWhereInput'.
src/api/analytics/analytics.service.ts(149,18): error TS2353: Object literal may only specify known properties, and 'businessId' does not exist in type 'CustomerWhereInput'.
src/api/analytics/analytics.service.ts(152,18): error TS2353: Object literal may only specify known properties, and 'businessId' does not exist in type 'ConversationWhereInput'.
src/api/analytics/analytics.service.ts(156,27): error TS2353: Object literal may only specify known properties, and 'businessId' does not exist in type '(Without<ConversationScalarRelationFilter, ConversationWhereInput> & ConversationWhereInput) | (Without<...> & ConversationScalarRelationFilter)'.
src/api/analytics/analytics.service.ts(165,16): error TS2353: Object literal may only specify known properties, and 'businessId' does not exist in type 'ConversationWhereInput'.
src/api/analytics/analytics.service.ts(180,26): error TS18048: 'stat._count' is possibly 'undefined'.
src/api/analytics/analytics.service.ts(180,38): error TS2339: Property 'id' does not exist on type 'true | { id?: number | undefined; customerId?: number | undefined; channel?: number | undefined; status?: number | undefined; summary?: number | undefined; metadata?: number | undefined; startedAt?: number | undefined; endedAt?: number | undefined; updatedAt?: number | undefined; _all?: number | undefined; }'.
  Property 'id' does not exist on type 'true'.
src/api/analytics/analytics.service.ts(188,11): error TS2353: Object literal may only specify known properties, and 'businessId' does not exist in type 'CustomerWhereInput'.
src/api/analytics/analytics.service.ts(194,11): error TS2353: Object literal may only specify known properties, and 'businessId' does not exist in type 'ConversationWhereInput'.
src/api/analytics/analytics.service.ts(200,27): error TS2353: Object literal may only specify known properties, and 'businessId' does not exist in type '(Without<ConversationScalarRelationFilter, ConversationWhereInput> & ConversationWhereInput) | (Without<...> & ConversationScalarRelationFilter)'.
src/api/analytics/analytics.service.ts(314,18): error TS2353: Object literal may only specify known properties, and 'businessId' does not exist in type 'ConversationWhereInput'.
src/api/analytics/analytics.service.ts(318,18): error TS2353: Object literal may only specify known properties, and 'businessId' does not exist in type 'ConversationWhereInput'.
src/api/analytics/analytics.service.ts(325,16): error TS2353: Object literal may only specify known properties, and 'businessId' does not exist in type 'ConversationWhereInput'.
src/api/analytics/analytics.service.ts(368,16): error TS18048: 's._count' is possibly 'undefined'.
src/api/analytics/analytics.service.ts(368,25): error TS2339: Property 'id' does not exist on type 'true | { id?: number | undefined; customerId?: number | undefined; channel?: number | undefined; status?: number | undefined; summary?: number | undefined; metadata?: number | undefined; startedAt?: number | undefined; endedAt?: number | undefined; updatedAt?: number | undefined; _all?: number | undefined; }'.
  Property 'id' does not exist on type 'true'.
src/api/analytics/analytics.service.ts(372,16): error TS18048: 'c._count' is possibly 'undefined'.
src/api/analytics/analytics.service.ts(372,25): error TS2339: Property 'id' does not exist on type 'true | { id?: number | undefined; customerId?: number | undefined; channel?: number | undefined; status?: number | undefined; summary?: number | undefined; metadata?: number | undefined; startedAt?: number | undefined; endedAt?: number | undefined; updatedAt?: number | undefined; _all?: number | undefined; }'.
  Property 'id' does not exist on type 'true'.
src/api/analytics/analytics.service.ts(390,16): error TS2353: Object literal may only specify known properties, and 'businessId' does not exist in type 'ResponseCacheWhereInput'.
src/api/analytics/analytics.service.ts(415,16): error TS2353: Object literal may only specify known properties, and 'businessId' does not exist in type 'ResponseCacheWhereInput'.
src/api/analytics/analytics.service.ts(419,9): error TS2353: Object literal may only specify known properties, and 'query' does not exist in type 'ResponseCacheSelect<DefaultArgs>'.
src/api/analytics/analytics.service.ts(439,18): error TS2339: Property 'query' does not exist on type '{ customerId: string; id: string; createdAt: Date; embeddingHash: string; queryText: string; queryNormalized: string; responseText: string; contextHash: string | null; hitCount: number; ... 6 more ...; feedbackCount: number; }'.
src/api/analytics/analytics.service.ts(462,10): error TS2339: Property 'abuseLog' does not exist on type 'PrismaClient<PrismaClientOptions, never, DefaultArgs>'.
src/api/analytics/analytics.service.ts(469,10): error TS2339: Property 'abuseLog' does not exist on type 'PrismaClient<PrismaClientOptions, never, DefaultArgs>'.
src/api/analytics/analytics.service.ts(478,31): error TS2339: Property 'abuseLog' does not exist on type 'PrismaClient<PrismaClientOptions, never, DefaultArgs>'.
src/api/analytics/analytics.service.ts(513,31): error TS7006: Parameter 'r' implicitly has an 'any' type.
src/api/analytics/analytics.service.ts(540,36): error TS2353: Object literal may only specify known properties, and 'businessId' does not exist in type 'CustomerWhereInput'.
src/api/analytics/analytics.service.ts(541,36): error TS2353: Object literal may only specify known properties, and 'businessId' does not exist in type 'CustomerWhereInput'.
src/api/analytics/analytics.service.ts(542,36): error TS2353: Object literal may only specify known properties, and 'businessId' does not exist in type 'CustomerWhereInput'.
src/api/analytics/analytics.service.ts(543,36): error TS2353: Object literal may only specify known properties, and 'businessId' does not exist in type 'CustomerWhereInput'.
src/api/analytics/analytics.service.ts(549,9): error TS2353: Object literal may only specify known properties, and 'businessId' does not exist in type 'CustomerWhereInput'.
src/api/business/business.controller.ts(20,33): error TS2339: Property 'business' does not exist on type 'PrismaClient<PrismaClientOptions, never, DefaultArgs>'.
src/api/business/business.controller.ts(98,33): error TS2339: Property 'business' does not exist on type 'PrismaClient<PrismaClientOptions, never, DefaultArgs>'.
src/api/business/business.controller.ts(126,33): error TS2339: Property 'business' does not exist on type 'PrismaClient<PrismaClientOptions, never, DefaultArgs>'.
src/api/business/business.controller.ts(191,33): error TS2339: Property 'business' does not exist on type 'PrismaClient<PrismaClientOptions, never, DefaultArgs>'.
src/api/business/business.controller.ts(218,31): error TS2339: Property 'businessCredit' does not exist on type 'PrismaClient<PrismaClientOptions, never, DefaultArgs>'.
src/api/business/business.controller.ts(229,18): error TS2353: Object literal may only specify known properties, and 'businessId' does not exist in type 'CostLogWhereInput'.
src/api/business/business.controller.ts(295,31): error TS2339: Property 'businessCredit' does not exist on type 'PrismaClient<PrismaClientOptions, never, DefaultArgs>'.
src/api/campaigns/campaign.controller.ts(43,13): error TS2353: Object literal may only specify known properties, and '_count' does not exist in type 'CampaignInclude<DefaultArgs>'.
src/api/campaigns/campaign.controller.ts(131,11): error TS2322: Type '"SCHEDULED" | "EVENT_BASED"' is not assignable to type 'CampaignType'.
  Type '"SCHEDULED"' is not assignable to type 'CampaignType'.
src/api/campaigns/campaign.controller.ts(138,11): error TS2322: Type '{ type: "BIRTHDAY" | "NO_INTERACTION" | "APPOINTMENT"; days?: number | undefined; } | null' is not assignable to type 'NullableJsonNullValueInput | InputJsonValue | undefined'.
  Type 'null' is not assignable to type 'NullableJsonNullValueInput | InputJsonValue | undefined'.
src/api/campaigns/campaign.controller.ts(171,18): error TS2322: Type 'string | string[]' is not assignable to type 'string | StringFilter<"Campaign"> | undefined'.
  Type 'string[]' is not assignable to type 'string | StringFilter<"Campaign"> | undefined'.
src/api/campaigns/campaign.controller.ts(173,11): error TS2353: Object literal may only specify known properties, and '_count' does not exist in type 'CampaignInclude<DefaultArgs>'.
src/api/campaigns/campaign.controller.ts(239,18): error TS2322: Type 'string | string[]' is not assignable to type 'string | StringFilter<"Campaign"> | undefined'.
  Type 'string[]' is not assignable to type 'string | StringFilter<"Campaign"> | undefined'.
src/api/campaigns/campaign.controller.ts(279,18): error TS2322: Type 'string | string[]' is not assignable to type 'string | undefined'.
  Type 'string[]' is not assignable to type 'string'.
src/api/campaigns/campaign.controller.ts(310,18): error TS2322: Type 'string | string[]' is not assignable to type 'string | StringFilter<"Campaign"> | undefined'.
  Type 'string[]' is not assignable to type 'string | StringFilter<"Campaign"> | undefined'.
src/api/campaigns/campaign.controller.ts(325,18): error TS2322: Type 'string | string[]' is not assignable to type 'string | undefined'.
  Type 'string[]' is not assignable to type 'string'.
src/api/campaigns/campaign.controller.ts(350,18): error TS2322: Type 'string | string[]' is not assignable to type 'string | StringFilter<"Campaign"> | undefined'.
  Type 'string[]' is not assignable to type 'string | StringFilter<"Campaign"> | undefined'.
src/api/campaigns/campaign.controller.ts(379,18): error TS2322: Type 'string | string[]' is not assignable to type 'string | undefined'.
  Type 'string[]' is not assignable to type 'string'.
src/api/campaigns/campaign.controller.ts(384,49): error TS2345: Argument of type 'string | string[]' is not assignable to parameter of type 'string'.
  Type 'string[]' is not assignable to type 'string'.
src/api/campaigns/campaign.controller.ts(410,18): error TS2322: Type 'string | string[]' is not assignable to type 'string | StringFilter<"Campaign"> | undefined'.
  Type 'string[]' is not assignable to type 'string | StringFilter<"Campaign"> | undefined'.
src/api/conversations/conversation.controller.ts(112,18): error TS2322: Type 'string | string[]' is not assignable to type 'string | StringFilter<"Conversation"> | undefined'.
  Type 'string[]' is not assignable to type 'string | StringFilter<"Conversation"> | undefined'.
src/api/conversations/conversation.controller.ts(142,32): error TS2551: Property 'customer' does not exist on type '{ customerId: string; id: string; updatedAt: Date; metadata: JsonValue; channel: Channel; status: ConversationStatus; summary: string | null; startedAt: Date; endedAt: Date | null; }'. Did you mean 'customerId'?
src/api/conversations/conversation.controller.ts(145,36): error TS2339: Property '_count' does not exist on type '{ customerId: string; id: string; updatedAt: Date; metadata: JsonValue; channel: Channel; status: ConversationStatus; summary: string | null; startedAt: Date; endedAt: Date | null; }'.
src/api/conversations/conversation.controller.ts(164,18): error TS2322: Type 'string | string[]' is not assignable to type 'string | StringFilter<"Conversation"> | undefined'.
  Type 'string[]' is not assignable to type 'string | StringFilter<"Conversation"> | undefined'.
src/api/conversations/conversation.controller.ts(178,20): error TS2322: Type 'string | string[]' is not assignable to type 'string | StringFilter<"Message"> | undefined'.
  Type 'string[]' is not assignable to type 'string | StringFilter<"Message"> | undefined'.
src/api/conversations/conversation.controller.ts(191,37): error TS2322: Type 'string | string[]' is not assignable to type 'string | StringFilter<"Message"> | undefined'.
  Type 'string[]' is not assignable to type 'string | StringFilter<"Message"> | undefined'.
src/api/conversations/conversation.controller.ts(234,18): error TS2322: Type 'string | string[]' is not assignable to type 'string | StringFilter<"Conversation"> | undefined'.
  Type 'string[]' is not assignable to type 'string | StringFilter<"Conversation"> | undefined'.
src/api/conversations/conversation.controller.ts(243,18): error TS2322: Type 'string | string[]' is not assignable to type 'string | undefined'.
  Type 'string[]' is not assignable to type 'string'.
src/api/conversations/conversation.controller.ts(288,18): error TS2322: Type 'string | string[]' is not assignable to type 'string | StringFilter<"Conversation"> | undefined'.
  Type 'string[]' is not assignable to type 'string | StringFilter<"Conversation"> | undefined'.
src/api/conversations/conversation.controller.ts(297,18): error TS2322: Type 'string | string[]' is not assignable to type 'string | undefined'.
  Type 'string[]' is not assignable to type 'string'.
src/api/conversations/conversation.controller.ts(299,11): error TS2322: Type '"HUMAN_HANDOFF"' is not assignable to type 'ConversationStatus | EnumConversationStatusFieldUpdateOperationsInput | undefined'.
src/api/conversations/conversation.controller.ts(340,18): error TS2322: Type 'string | string[]' is not assignable to type 'string | StringFilter<"Conversation"> | undefined'.
  Type 'string[]' is not assignable to type 'string | StringFilter<"Conversation"> | undefined'.
src/api/conversations/conversation.controller.ts(350,18): error TS2322: Type 'string | string[]' is not assignable to type 'string | undefined'.
  Type 'string[]' is not assignable to type 'string'.
src/api/crm/crm.routes.ts(23,33): error TS2339: Property 'cRMIntegration' does not exist on type 'PrismaClient<PrismaClientOptions, never, DefaultArgs>'.
src/api/crm/crm.routes.ts(60,36): error TS2693: 'CRMProvider' only refers to a type, but is being used as a value here.
src/api/crm/crm.routes.ts(76,33): error TS2339: Property 'cRMIntegration' does not exist on type 'PrismaClient<PrismaClientOptions, never, DefaultArgs>'.
src/api/crm/crm.routes.ts(80,17): error TS2698: Spread types may only be created from object types.
src/api/crm/crm.routes.ts(81,17): error TS2698: Spread types may only be created from object types.
src/api/crm/crm.routes.ts(82,17): error TS2698: Spread types may only be created from object types.
src/api/crm/crm.routes.ts(83,17): error TS2698: Spread types may only be created from object types.
src/api/crm/crm.routes.ts(84,17): error TS2698: Spread types may only be created from object types.
src/api/crm/crm.routes.ts(85,17): error TS2698: Spread types may only be created from object types.
src/api/crm/crm.routes.ts(120,23): error TS2345: Argument of type 'Error' is not assignable to parameter of type 'string'.
src/api/crm/crm.routes.ts(136,34): error TS2345: Argument of type 'Error' is not assignable to parameter of type 'string'.
src/api/crm/crm.routes.ts(147,34): error TS2345: Argument of type 'Error' is not assignable to parameter of type 'string'.
src/api/crm/crm.routes.ts(153,27): error TS2345: Argument of type 'Error' is not assignable to parameter of type 'string'.
src/api/crm/crm.routes.ts(179,34): error TS2345: Argument of type 'Error' is not assignable to parameter of type 'string'.
src/api/crm/crm.routes.ts(188,27): error TS2345: Argument of type 'Error' is not assignable to parameter of type 'string'.
src/api/crm/crm.routes.ts(214,34): error TS2345: Argument of type 'Error' is not assignable to parameter of type 'string'.
src/api/crm/crm.routes.ts(223,27): error TS2345: Argument of type 'Error' is not assignable to parameter of type 'string'.
src/api/crm/crm.routes.ts(272,18): error TS2339: Property 'cRMIntegration' does not exist on type 'PrismaClient<PrismaClientOptions, never, DefaultArgs>'.
src/api/customers/customer.controller.ts(117,18): error TS2322: Type 'string | string[]' is not assignable to type 'string | StringFilter<"Customer"> | undefined'.
  Type 'string[]' is not assignable to type 'string | StringFilter<"Customer"> | undefined'.
src/api/customers/customer.controller.ts(145,39): error TS2339: Property '_count' does not exist on type '{ tags: string[]; name: string | null; email: string; id: string; isActive: boolean; createdAt: Date; updatedAt: Date; password: string; phone: string | null; aiConfig: JsonValue; ... 11 more ...; lastInteraction: Date; }'.
src/api/customers/customer.controller.ts(146,33): error TS2339: Property '_count' does not exist on type '{ tags: string[]; name: string | null; email: string; id: string; isActive: boolean; createdAt: Date; updatedAt: Date; password: string; phone: string | null; aiConfig: JsonValue; ... 11 more ...; lastInteraction: Date; }'.
src/api/customers/customer.controller.ts(166,18): error TS2322: Type 'string | string[]' is not assignable to type 'string | StringFilter<"Customer"> | undefined'.
  Type 'string[]' is not assignable to type 'string | StringFilter<"Customer"> | undefined'.
src/api/customers/customer.controller.ts(179,18): error TS2322: Type 'string | string[]' is not assignable to type 'string | StringFilter<"Conversation"> | undefined'.
  Type 'string[]' is not assignable to type 'string | StringFilter<"Conversation"> | undefined'.
src/api/customers/customer.controller.ts(193,18): error TS2322: Type 'string | string[]' is not assignable to type 'string | StringFilter<"Conversation"> | undefined'.
  Type 'string[]' is not assignable to type 'string | StringFilter<"Conversation"> | undefined'.
src/api/customers/customer.controller.ts(204,30): error TS2339: Property '_count' does not exist on type '{ customerId: string; id: string; updatedAt: Date; metadata: JsonValue; channel: Channel; status: ConversationStatus; summary: string | null; startedAt: Date; endedAt: Date | null; }'.
src/api/customers/customer.controller.ts(231,18): error TS2322: Type 'string | string[]' is not assignable to type 'string | StringFilter<"Customer"> | undefined'.
  Type 'string[]' is not assignable to type 'string | StringFilter<"Customer"> | undefined'.
src/api/customers/customer.controller.ts(242,18): error TS2322: Type 'string | string[]' is not assignable to type 'string | StringFilter<"Conversation"> | undefined'.
  Type 'string[]' is not assignable to type 'string | StringFilter<"Conversation"> | undefined'.
src/api/customers/customer.controller.ts(249,27): error TS2322: Type 'string | string[]' is not assignable to type 'string | StringFilter<"Conversation"> | undefined'.
  Type 'string[]' is not assignable to type 'string | StringFilter<"Conversation"> | undefined'.
src/api/customers/customer.controller.ts(257,18): error TS2322: Type 'string | string[]' is not assignable to type 'string | StringFilter<"Conversation"> | undefined'.
  Type 'string[]' is not assignable to type 'string | StringFilter<"Conversation"> | undefined'.
src/api/customers/customer.controller.ts(271,74): error TS18048: 's._count' is possibly 'undefined'.
src/api/customers/customer.controller.ts(271,83): error TS2339: Property 'id' does not exist on type 'true | { id?: number | undefined; customerId?: number | undefined; channel?: number | undefined; status?: number | undefined; summary?: number | undefined; metadata?: number | undefined; startedAt?: number | undefined; endedAt?: number | undefined; updatedAt?: number | undefined; _all?: number | undefined; }'.
  Property 'id' does not exist on type 'true'.
src/api/customers/customer.controller.ts(272,26): error TS18048: 'messageStats._count' is possibly 'undefined'.
src/api/customers/customer.controller.ts(272,46): error TS2339: Property 'id' does not exist on type 'true | { id?: number | undefined; conversationId?: number | undefined; role?: number | undefined; content?: number | undefined; channel?: number | undefined; status?: number | undefined; ... 5 more ...; _all?: number | undefined; }'.
  Property 'id' does not exist on type 'true'.
src/api/customers/customer.controller.ts(273,26): error TS18048: 'messageStats._avg' is possibly 'undefined'.
src/api/customers/customer.controller.ts(273,60): error TS18048: 'messageStats._avg' is possibly 'undefined'.
src/api/customers/customer.controller.ts(277,30): error TS18048: 'stat._count' is possibly 'undefined'.
src/api/customers/customer.controller.ts(277,42): error TS2339: Property 'id' does not exist on type 'true | { id?: number | undefined; customerId?: number | undefined; channel?: number | undefined; status?: number | undefined; summary?: number | undefined; metadata?: number | undefined; startedAt?: number | undefined; endedAt?: number | undefined; updatedAt?: number | undefined; _all?: number | undefined; }'.
  Property 'id' does not exist on type 'true'.
src/api/customers/customer.controller.ts(308,18): error TS2322: Type 'string | string[]' is not assignable to type 'string | StringFilter<"Customer"> | undefined'.
  Type 'string[]' is not assignable to type 'string | StringFilter<"Customer"> | undefined'.
src/api/customers/customer.controller.ts(321,18): error TS2322: Type 'string | string[]' is not assignable to type 'string | undefined'.
  Type 'string[]' is not assignable to type 'string'.
src/api/customers/customer.controller.ts(358,18): error TS2322: Type 'string | string[]' is not assignable to type 'string | StringFilter<"Customer"> | undefined'.
  Type 'string[]' is not assignable to type 'string | StringFilter<"Customer"> | undefined'.
src/api/customers/customer.controller.ts(371,18): error TS2322: Type 'string | string[]' is not assignable to type 'string | undefined'.
  Type 'string[]' is not assignable to type 'string'.
src/api/customers/customer.controller.ts(398,18): error TS2322: Type 'string | string[]' is not assignable to type 'string | StringFilter<"Customer"> | undefined'.
  Type 'string[]' is not assignable to type 'string | StringFilter<"Customer"> | undefined'.
src/api/customers/customer.controller.ts(407,18): error TS2322: Type 'string | string[]' is not assignable to type 'string | undefined'.
  Type 'string[]' is not assignable to type 'string'.
src/api/customers/customer.controller.ts(456,18): error TS2322: Type 'string | string[]' is not assignable to type 'string | StringFilter<"Customer"> | undefined'.
  Type 'string[]' is not assignable to type 'string | StringFilter<"Customer"> | undefined'.
src/api/customers/customer.controller.ts(467,18): error TS2322: Type 'string | string[]' is not assignable to type 'string | undefined'.
  Type 'string[]' is not assignable to type 'string'.
src/api/faq/faq.controller.ts(41,12): error TS2339: Property 'businessFAQ' does not exist on type 'PrismaClient<PrismaClientOptions, never, DefaultArgs>'.
src/api/faq/faq.controller.ts(47,12): error TS2339: Property 'businessFAQ' does not exist on type 'PrismaClient<PrismaClientOptions, never, DefaultArgs>'.
src/api/faq/faq.controller.ts(51,25): error TS7006: Parameter 'faq' implicitly has an 'any' type.
src/api/faq/faq.controller.ts(94,28): error TS2339: Property 'businessFAQ' does not exist on type 'PrismaClient<PrismaClientOptions, never, DefaultArgs>'.
src/api/faq/faq.controller.ts(143,36): error TS2339: Property 'businessFAQ' does not exist on type 'PrismaClient<PrismaClientOptions, never, DefaultArgs>'.
src/api/faq/faq.controller.ts(152,28): error TS2339: Property 'businessFAQ' does not exist on type 'PrismaClient<PrismaClientOptions, never, DefaultArgs>'.
src/api/faq/faq.controller.ts(184,36): error TS2339: Property 'businessFAQ' does not exist on type 'PrismaClient<PrismaClientOptions, never, DefaultArgs>'.
src/api/faq/faq.controller.ts(193,16): error TS2339: Property 'businessFAQ' does not exist on type 'PrismaClient<PrismaClientOptions, never, DefaultArgs>'.
src/api/faq/faq.controller.ts(281,18): error TS2353: Object literal may only specify known properties, and 'businessId' does not exist in type 'ResponseCacheWhereInput'.
src/api/faq/faq.controller.ts(284,35): error TS2339: Property 'businessFAQ' does not exist on type 'PrismaClient<PrismaClientOptions, never, DefaultArgs>'.
src/api/faq/faq.controller.ts(391,20): error TS2353: Object literal may only specify known properties, and 'businessId' does not exist in type 'ResponseCacheWhereInput'.
src/features/ai-advanced/ai-advanced.services.ts(175,31): error TS2339: Property 'sentimentLog' does not exist on type 'PrismaClient<PrismaClientOptions, never, DefaultArgs>'.
src/features/ai-advanced/ai-advanced.services.ts(187,34): error TS7006: Parameter 'log' implicitly has an 'any' type.
src/features/ai-advanced/ai-advanced.services.ts(188,45): error TS7006: Parameter 'a' implicitly has an 'any' type.
src/features/ai-advanced/ai-advanced.services.ts(188,48): error TS7006: Parameter 'b' implicitly has an 'any' type.
src/features/ai-advanced/ai-advanced.services.ts(192,64): error TS7006: Parameter 'a' implicitly has an 'any' type.
src/features/ai-advanced/ai-advanced.services.ts(192,67): error TS7006: Parameter 'b' implicitly has an 'any' type.
src/features/ai-advanced/ai-advanced.services.ts(193,62): error TS7006: Parameter 'a' implicitly has an 'any' type.
src/features/ai-advanced/ai-advanced.services.ts(193,65): error TS7006: Parameter 'b' implicitly has an 'any' type.
src/features/ai-advanced/ai-advanced.services.ts(202,32): error TS7006: Parameter 'log' implicitly has an 'any' type.
src/features/ai-advanced/ai-advanced.services.ts(224,22): error TS2339: Property 'sentimentLog' does not exist on type 'PrismaClient<PrismaClientOptions, never, DefaultArgs>'.
src/features/ai-advanced/ai-advanced.services.ts(522,31): error TS2339: Property 'intentLog' does not exist on type 'PrismaClient<PrismaClientOptions, never, DefaultArgs>'.
src/features/ai-advanced/ai-advanced.services.ts(570,22): error TS2339: Property 'intentLog' does not exist on type 'PrismaClient<PrismaClientOptions, never, DefaultArgs>'.
src/features/audit/audit-logger.service.ts(125,17): error TS2322: Type 'import("C:/Users/suraj/Desktop/agent/server/src/features/audit/audit-logger.service").AuditAction' is not assignable to type 'import("C:/Users/suraj/Desktop/agent/server/node_modules/.prisma/client/index").$Enums.AuditAction'.
src/features/audit/audit-logger.service.ts(288,13): error TS18004: No value exists in scope for the shorthand property 'req'. Either declare one or provide an initializer.
src/features/audit/audit-logger.service.ts(389,17): error TS2353: Object literal may only specify known properties, and 'businessId' does not exist in type 'AuditLogWhereInput'.
src/features/cache/semantic-cache.service.ts(319,18): error TS2339: Property 'businessFAQ' does not exist on type 'PrismaClient<PrismaClientOptions, never, DefaultArgs>'.
src/features/cache/semantic-cache.service.ts(360,13): error TS2353: Object literal may only specify known properties, and 'businessId' does not exist in type 'ResponseCacheWhereInput'.
src/features/cache/semantic-cache.service.ts(430,9): error TS2353: Object literal may only specify known properties, and 'businessId' does not exist in type '(Without<ResponseCacheCreateInput, ResponseCacheUncheckedCreateInput> & ResponseCacheUncheckedCreateInput) | (Without<...> & ResponseCacheCreateInput)'.
src/features/cache/semantic-cache.service.ts(449,7): error TS2353: Object literal may only specify known properties, and 'response' does not exist in type 'BackgroundFetch<string>'.
src/features/cache/semantic-cache.service.ts(465,17): error TS2339: Property 'expiresAt' does not exist on type 'string'.
src/features/cache/semantic-cache.service.ts(598,9): error TS2353: Object literal may only specify known properties, and 'businessId' does not exist in type 'ResponseCacheWhereInput'.
src/features/cache/semantic-cache.service.ts(639,18): error TS2353: Object literal may only specify known properties, and 'businessId' does not exist in type 'ResponseCacheWhereInput'.
src/features/cache/semantic-cache.service.ts(641,10): error TS2339: Property 'businessFAQ' does not exist on type 'PrismaClient<PrismaClientOptions, never, DefaultArgs>'.
src/features/cache/semantic-cache.service.ts(645,18): error TS2353: Object literal may only specify known properties, and 'businessId' does not exist in type 'ResponseCacheWhereInput'.
src/features/cache/semantic-cache.service.ts(656,16): error TS2353: Object literal may only specify known properties, and 'businessId' does not exist in type 'ResponseCacheWhereInput'.
src/features/cache/semantic-cache.service.ts(662,18): error TS18048: 'totalHits._sum' is possibly 'undefined'.
src/features/cache/semantic-cache.service.ts(664,33): error TS7006: Parameter 'c' implicitly has an 'any' type.
src/features/cache/semantic-cache.service.ts(729,16): error TS2353: Object literal may only specify known properties, and 'businessId' does not exist in type 'ResponseCacheWhereInput'.
src/features/cache/semantic-cache.service.ts(746,16): error TS2339: Property 'businessFAQ' does not exist on type 'PrismaClient<PrismaClientOptions, never, DefaultArgs>'.
src/features/campaigns-advanced/campaigns-advanced.services.ts(120,31): error TS2339: Property 'aBTest' does not exist on type 'PrismaClient<PrismaClientOptions, never, DefaultArgs>'.
src/features/campaigns-advanced/campaigns-advanced.services.ts(159,31): error TS2339: Property 'aBTest' does not exist on type 'PrismaClient<PrismaClientOptions, never, DefaultArgs>'.
src/features/campaigns-advanced/campaigns-advanced.services.ts(209,31): error TS2339: Property 'aBTest' does not exist on type 'PrismaClient<PrismaClientOptions, never, DefaultArgs>'.
src/features/campaigns-advanced/campaigns-advanced.services.ts(222,18): error TS2339: Property 'aBTest' does not exist on type 'PrismaClient<PrismaClientOptions, never, DefaultArgs>'.
src/features/campaigns-advanced/campaigns-advanced.services.ts(278,26): error TS2339: Property 'aBTest' does not exist on type 'PrismaClient<PrismaClientOptions, never, DefaultArgs>'.
src/features/campaigns-advanced/campaigns-advanced.services.ts(416,31): error TS2339: Property 'aBTest' does not exist on type 'PrismaClient<PrismaClientOptions, never, DefaultArgs>'.
src/features/campaigns-advanced/campaigns-advanced.services.ts(508,17): error TS2322: Type 'string | null' is not assignable to type 'string | undefined'.
  Type 'null' is not assignable to type 'string | undefined'.
src/features/campaigns-advanced/campaigns-advanced.services.ts(632,17): error TS2353: Object literal may only specify known properties, and 'businessId' does not exist in type 'CustomerWhereInput'.
src/features/campaigns-advanced/campaigns-advanced.services.ts(646,41): error TS2339: Property '_count' does not exist on type '{ tags: string[]; name: string | null; email: string; id: string; isActive: boolean; createdAt: Date; updatedAt: Date; password: string; phone: string | null; aiConfig: JsonValue; ... 11 more ...; lastInteraction: Date; }'.
src/features/cost-control/abuse-detection.service.ts(104,37): error TS2345: Argument of type 'Promise<"ALLOW" | "THROTTLE" | "BLOCK" | "BAN">' is not assignable to parameter of type 'string'.
src/features/cost-control/abuse-detection.service.ts(109,9): error TS2322: Type 'Promise<"ALLOW" | "THROTTLE" | "BLOCK" | "BAN">' is not assignable to type '"ALLOW" | "THROTTLE" | "BLOCK" | "BAN"'.
src/features/cost-control/abuse-detection.service.ts(226,35): error TS2339: Property 'abuseLog' does not exist on type 'PrismaClient<PrismaClientOptions, never, DefaultArgs>'.
src/features/cost-control/abuse-detection.service.ts(261,34): error TS2339: Property 'abuseLog' does not exist on type 'PrismaClient<PrismaClientOptions, never, DefaultArgs>'.
src/features/cost-control/abuse-detection.service.ts(286,29): error TS2339: Property 'rateLimitConfig' does not exist on type 'PrismaClient<PrismaClientOptions, never, DefaultArgs>'.
src/features/cost-control/abuse-detection.service.ts(321,16): error TS2339: Property 'abuseLog' does not exist on type 'PrismaClient<PrismaClientOptions, never, DefaultArgs>'.
src/features/cost-control/abuse-detection.service.ts(424,27): error TS2339: Property 'abuseLog' does not exist on type 'PrismaClient<PrismaClientOptions, never, DefaultArgs>'.
src/features/cost-control/abuse-detection.service.ts(445,46): error TS7006: Parameter 'log' implicitly has an 'any' type.
src/features/cost-control/budget.service.ts(42,14): error TS2339: Property 'businessCredit' does not exist on type 'PrismaClient<PrismaClientOptions, never, DefaultArgs>'.
src/features/cost-control/budget.service.ts(131,20): error TS2339: Property 'businessCredit' does not exist on type 'Omit<PrismaClient<PrismaClientOptions, never, DefaultArgs>, "$connect" | "$disconnect" | "$on" | "$transaction" | "$extends">'.
src/features/cost-control/budget.service.ts(163,18): error TS2339: Property 'businessCredit' does not exist on type 'Omit<PrismaClient<PrismaClientOptions, never, DefaultArgs>, "$connect" | "$disconnect" | "$on" | "$transaction" | "$extends">'.
src/features/cost-control/budget.service.ts(221,29): error TS2339: Property 'businessCredit' does not exist on type 'PrismaClient<PrismaClientOptions, never, DefaultArgs>'.
src/features/cost-control/budget.service.ts(281,14): error TS2339: Property 'businessCredit' does not exist on type 'PrismaClient<PrismaClientOptions, never, DefaultArgs>'.
src/features/cost-control/budget.service.ts(300,29): error TS2339: Property 'businessCredit' does not exist on type 'PrismaClient<PrismaClientOptions, never, DefaultArgs>'.
src/features/cost-control/budget.service.ts(316,14): error TS2339: Property 'businessCredit' does not exist on type 'PrismaClient<PrismaClientOptions, never, DefaultArgs>'.
src/features/cost-control/budget.service.ts(334,29): error TS2339: Property 'businessCredit' does not exist on type 'PrismaClient<PrismaClientOptions, never, DefaultArgs>'.
src/features/cost-control/budget.service.ts(349,16): error TS2339: Property 'businessCredit' does not exist on type 'PrismaClient<PrismaClientOptions, never, DefaultArgs>'.
src/features/cost-control/budget.service.ts(358,16): error TS2339: Property 'businessCredit' does not exist on type 'PrismaClient<PrismaClientOptions, never, DefaultArgs>'.
src/features/cost-control/budget.service.ts(391,14): error TS2339: Property 'businessCredit' does not exist on type 'PrismaClient<PrismaClientOptions, never, DefaultArgs>'.
src/features/cost-control/budget.service.ts(438,14): error TS2339: Property 'businessCredit' does not exist on type 'PrismaClient<PrismaClientOptions, never, DefaultArgs>'.
src/features/cost-control/budget.service.ts(464,29): error TS2339: Property 'businessCredit' does not exist on type 'PrismaClient<PrismaClientOptions, never, DefaultArgs>'.
src/features/cost-control/budget.service.ts(475,14): error TS2339: Property 'businessCredit' does not exist on type 'PrismaClient<PrismaClientOptions, never, DefaultArgs>'.
src/features/cost-control/budget.service.ts(500,29): error TS2339: Property 'businessCredit' does not exist on type 'PrismaClient<PrismaClientOptions, never, DefaultArgs>'.
src/features/cost-control/cost-tracker.service.ts(34,11): error TS2353: Object literal may only specify known properties, and 'businessId' does not exist in type '(Without<CostLogCreateInput, CostLogUncheckedCreateInput> & CostLogUncheckedCreateInput) | (Without<...> & CostLogCreateInput)'.
src/features/cost-control/cost-tracker.service.ts(79,11): error TS2353: Object literal may only specify known properties, and 'businessId' does not exist in type '(Without<CostLogCreateInput, CostLogUncheckedCreateInput> & CostLogUncheckedCreateInput) | (Without<...> & CostLogCreateInput)'.
src/features/cost-control/cost-tracker.service.ts(113,16): error TS2339: Property 'businessCredit' does not exist on type 'PrismaClient<PrismaClientOptions, never, DefaultArgs>'.
src/features/cost-control/cost-tracker.service.ts(176,9): error TS2353: Object literal may only specify known properties, and 'businessId' does not exist in type 'CostLogWhereInput'.
src/features/cost-control/cost-tracker.service.ts(219,29): error TS2339: Property 'businessCredit' does not exist on type 'PrismaClient<PrismaClientOptions, never, DefaultArgs>'.
src/features/cost-control/cost-tracker.service.ts(233,9): error TS2353: Object literal may only specify known properties, and 'businessId' does not exist in type 'CostLogWhereInput'.
src/features/cost-control/rate-limiter.service.ts(43,31): error TS2339: Property 'rateLimitConfig' does not exist on type 'PrismaClient<PrismaClientOptions, never, DefaultArgs>'.
src/features/cost-control/rate-limiter.service.ts(173,31): error TS2339: Property 'rateLimitConfig' does not exist on type 'PrismaClient<PrismaClientOptions, never, DefaultArgs>'.
src/features/cost-control/rate-limiter.service.ts(374,16): error TS2339: Property 'rateLimitHit' does not exist on type 'PrismaClient<PrismaClientOptions, never, DefaultArgs>'.
src/features/cost-control/rate-limiter.service.ts(420,29): error TS2339: Property 'rateLimitConfig' does not exist on type 'PrismaClient<PrismaClientOptions, never, DefaultArgs>'.
src/features/customer/customer.service.ts(45,17): error TS2322: Type 'string | undefined' is not assignable to type 'string'.
  Type 'undefined' is not assignable to type 'string'.
src/features/customer/customer.service.ts(77,21): error TS2353: Object literal may only specify known properties, and 'businessId_phone' does not exist in type 'CustomerWhereUniqueInput'.
src/features/customer/customer.service.ts(90,21): error TS2353: Object literal may only specify known properties, and 'businessId_email' does not exist in type 'CustomerWhereUniqueInput'.
src/integrations/crm.services.ts(134,28): error TS2353: Object literal may only specify known properties, and 'business' does not exist in type 'CustomerInclude<DefaultArgs>'.
src/integrations/crm.services.ts(147,89): error TS2339: Property 'business' does not exist on type '{ tags: string[]; name: string | null; email: string; id: string; isActive: boolean; createdAt: Date; updatedAt: Date; password: string; phone: string | null; aiConfig: JsonValue; ... 11 more ...; lastInteraction: Date; }'.
src/integrations/crm.services.ts(190,28): error TS2353: Object literal may only specify known properties, and 'business' does not exist in type 'CustomerInclude<DefaultArgs>'.
src/integrations/crm.services.ts(202,35): error TS2339: Property 'business' does not exist on type '{ tags: string[]; name: string | null; email: string; id: string; isActive: boolean; createdAt: Date; updatedAt: Date; password: string; phone: string | null; aiConfig: JsonValue; ... 11 more ...; lastInteraction: Date; }'.
src/integrations/crm.services.ts(396,28): error TS2353: Object literal may only specify known properties, and 'business' does not exist in type 'CustomerInclude<DefaultArgs>'.
src/integrations/crm.services.ts(409,39): error TS2339: Property 'business' does not exist on type '{ tags: string[]; name: string | null; email: string; id: string; isActive: boolean; createdAt: Date; updatedAt: Date; password: string; phone: string | null; aiConfig: JsonValue; ... 11 more ...; lastInteraction: Date; }'.
src/integrations/crm.services.ts(604,28): error TS2353: Object literal may only specify known properties, and 'business' does not exist in type 'CustomerInclude<DefaultArgs>'.
src/integrations/crm.services.ts(618,48): error TS2339: Property 'business' does not exist on type '{ tags: string[]; name: string | null; email: string; id: string; isActive: boolean; createdAt: Date; updatedAt: Date; password: string; phone: string | null; aiConfig: JsonValue; ... 11 more ...; lastInteraction: Date; }'.
src/integrations/crm.services.ts(664,28): error TS2353: Object literal may only specify known properties, and 'business' does not exist in type 'CustomerInclude<DefaultArgs>'.
src/integrations/crm.services.ts(678,43): error TS2339: Property 'business' does not exist on type '{ tags: string[]; name: string | null; email: string; id: string; isActive: boolean; createdAt: Date; updatedAt: Date; password: string; phone: string | null; aiConfig: JsonValue; ... 11 more ...; lastInteraction: Date; }'.
src/integrations/crm.services.ts(871,33): error TS2339: Property 'cRMIntegration' does not exist on type 'PrismaClient<PrismaClientOptions, never, DefaultArgs>'.
src/integrations/crm.services.ts(968,34): error TS2339: Property 'cRMIntegration' does not exist on type 'PrismaClient<PrismaClientOptions, never, DefaultArgs>'.
src/middleware/abuse-detection.middleware.ts(42,7): error TS2322: Type 'string | string[]' is not assignable to type 'string'.
  Type 'string[]' is not assignable to type 'string'.
src/middleware/abuse-detection.middleware.ts(43,7): error TS2322: Type 'string | string[]' is not assignable to type 'string | undefined'.
  Type 'string[]' is not assignable to type 'string'.
src/middleware/abuse-detection.middleware.ts(156,16): error TS2322: Type 'string | string[]' is not assignable to type 'string | undefined'.
  Type 'string[]' is not assignable to type 'string'.
src/middleware/abuse-detection.middleware.ts(161,9): error TS2353: Object literal may only specify known properties, and 'businessId' does not exist in type 'CustomerSelect<DefaultArgs>'.
src/middleware/abuse-detection.middleware.ts(174,18): error TS2339: Property 'businessId' does not exist on type '{ tags: string[]; name: string | null; email: string; id: string; isActive: boolean; createdAt: Date; updatedAt: Date; password: string; phone: string | null; aiConfig: JsonValue; ... 11 more ...; lastInteraction: Date; }'.
src/middleware/abuse-detection.middleware.ts(183,33): error TS2339: Property 'rateLimitConfig' does not exist on type 'PrismaClient<PrismaClientOptions, never, DefaultArgs>'.
src/middleware/abuse-detection.middleware.ts(202,13): error TS2322: Type 'string | string[]' is not assignable to type 'string | StringFilter<"Conversation"> | undefined'.
  Type 'string[]' is not assignable to type 'string | StringFilter<"Conversation"> | undefined'.
src/middleware/auth.middleware.ts(55,29): error TS2339: Property 'business' does not exist on type 'PrismaClient<PrismaClientOptions, never, DefaultArgs>'.
src/middleware/auth.middleware.ts(63,27): error TS2339: Property 'business' does not exist on type 'PrismaClient<PrismaClientOptions, never, DefaultArgs>'.
src/middleware/auth.middleware.ts(121,31): error TS2339: Property 'business' does not exist on type 'PrismaClient<PrismaClientOptions, never, DefaultArgs>'.
src/middleware/channel-gate.middleware.ts(56,35): error TS2339: Property 'business' does not exist on type 'PrismaClient<PrismaClientOptions, never, DefaultArgs>'.
src/middleware/channel-gate.middleware.ts(120,39): error TS2339: Property 'business' does not exist on type 'PrismaClient<PrismaClientOptions, never, DefaultArgs>'.
src/middleware/channel-gate.middleware.ts(158,35): error TS2339: Property 'business' does not exist on type 'PrismaClient<PrismaClientOptions, never, DefaultArgs>'.
src/middleware/cost-gate.middleware.ts(27,66): error TS2345: Argument of type 'string | string[]' is not assignable to parameter of type 'string'.
  Type 'string[]' is not assignable to type 'string'.
src/middleware/cost-gate.middleware.ts(54,39): error TS2345: Argument of type 'string | string[]' is not assignable to parameter of type 'string'.
  Type 'string[]' is not assignable to type 'string'.
src/middleware/rate-limit.middleware.ts(39,51): error TS2345: Argument of type 'string | string[]' is not assignable to parameter of type 'string'.
  Type 'string[]' is not assignable to type 'string'.
src/middleware/rate-limit.middleware.ts(50,71): error TS2345: Argument of type 'string | string[]' is not assignable to parameter of type 'string'.
  Type 'string[]' is not assignable to type 'string'.
src/middleware/rate-limit.middleware.ts(67,9): error TS2345: Argument of type 'string | string[]' is not assignable to parameter of type 'string'.
  Type 'string[]' is not assignable to type 'string'.
src/middleware/request-tracing.middleware.ts(65,5): error TS2322: Type 'ReqId | null' is not assignable to type 'string | null'.
  Type 'number' is not assignable to type 'string'.
src/queue/workers/cache-warmer.worker.ts(81,16): error TS2339: Property 'business' does not exist on type 'PrismaClient<PrismaClientOptions, never, DefaultArgs>'.
src/queue/workers/cache-warmer.worker.ts(82,16): error TS2339: Property 'business' does not exist on type 'PrismaClient<PrismaClientOptions, never, DefaultArgs>'.
src/queue/workers/cache-warmer.worker.ts(91,31): error TS2339: Property 'businessCredit' does not exist on type 'PrismaClient<PrismaClientOptions, never, DefaultArgs>'.
src/queue/workers/cache-warmer.worker.ts(102,18): error TS2353: Object literal may only specify known properties, and 'businessId' does not exist in type 'CustomerWhereInput'.
src/queue/workers/cache-warmer.worker.ts(170,16): error TS2339: Property 'business' does not exist on type 'PrismaClient<PrismaClientOptions, never, DefaultArgs>'.
src/queue/workers/cache-warmer.worker.ts(171,16): error TS2339: Property 'business' does not exist on type 'PrismaClient<PrismaClientOptions, never, DefaultArgs>'.
src/queue/workers/cache-warmer.worker.ts(178,29): error TS2339: Property 'businessFAQ' does not exist on type 'PrismaClient<PrismaClientOptions, never, DefaultArgs>'.
src/queue/workers/cache-warmer.worker.ts(209,20): error TS2339: Property 'businessFAQ' does not exist on type 'PrismaClient<PrismaClientOptions, never, DefaultArgs>'.
src/queue/workers/cache-warmer.worker.ts(259,11): error TS2353: Object literal may only specify known properties, and 'businessId' does not exist in type 'ResponseCacheWhereInput'.
src/queue/workers/cache-warmer.worker.ts(268,11): error TS2353: Object literal may only specify known properties, and 'businessId' does not exist in type 'ResponseCacheWhereInput'.
src/queue/workers/cache-warmer.worker.ts(276,18): error TS2353: Object literal may only specify known properties, and 'businessId' does not exist in type 'ResponseCacheWhereInput'.
src/queue/workers/cost-report.worker.ts(81,16): error TS2339: Property 'business' does not exist on type 'PrismaClient<PrismaClientOptions, never, DefaultArgs>'.
src/queue/workers/cost-report.worker.ts(82,16): error TS2339: Property 'business' does not exist on type 'PrismaClient<PrismaClientOptions, never, DefaultArgs>'.
src/queue/workers/cost-report.worker.ts(97,11): error TS2353: Object literal may only specify known properties, and 'businessId' does not exist in type 'CostLogWhereInput'.
src/queue/workers/cost-report.worker.ts(166,16): error TS2339: Property 'business' does not exist on type 'PrismaClient<PrismaClientOptions, never, DefaultArgs>'.
src/queue/workers/cost-report.worker.ts(167,16): error TS2339: Property 'business' does not exist on type 'PrismaClient<PrismaClientOptions, never, DefaultArgs>'.
src/queue/workers/cost-report.worker.ts(183,11): error TS2353: Object literal may only specify known properties, and 'businessId' does not exist in type 'CostLogWhereInput'.
src/queue/workers/cost-report.worker.ts(230,16): error TS2339: Property 'business' does not exist on type 'PrismaClient<PrismaClientOptions, never, DefaultArgs>'.
src/queue/workers/cost-report.worker.ts(231,16): error TS2339: Property 'business' does not exist on type 'PrismaClient<PrismaClientOptions, never, DefaultArgs>'.
src/queue/workers/proactive.worker.ts(89,16): error TS2353: Object literal may only specify known properties, and 'business' does not exist in type 'CampaignInclude<DefaultArgs>'.
src/queue/workers/proactive.worker.ts(113,28): error TS2339: Property 'businessId' does not exist on type '{ customerId: string; type: CampaignType; name: string; id: string; createdAt: Date; updatedAt: Date; channel: Channel; status: CampaignStatus; ... 17 more ...; retryCount: number; }'.
src/queue/workers/proactive.worker.ts(175,32): error TS2339: Property 'businessId' does not exist on type '{ customerId: string; type: CampaignType; name: string; id: string; createdAt: Date; updatedAt: Date; channel: Channel; status: CampaignStatus; ... 17 more ...; retryCount: number; }'.
src/queue/workers/proactive.worker.ts(221,42): error TS2339: Property 'checkBudget' does not exist on type 'typeof BudgetService'.
src/queue/workers/proactive.worker.ts(260,9): error TS2353: Object literal may only specify known properties, and 'businessId' does not exist in type 'Without<ConversationCreateInput, ConversationUncheckedCreateInput> & ConversationUncheckedCreateInput'.
src/queue/workers/proactive.worker.ts(355,60): error TS2339: Property 'businessId' does not exist on type '{ customerId: string; type: CampaignType; name: string; id: string; createdAt: Date; updatedAt: Date; channel: Channel; status: CampaignStatus; ... 17 more ...; retryCount: number; }'.
src/queue/workers/proactive.worker.ts(364,32): error TS2339: Property 'businessId' does not exist on type '{ customerId: string; type: CampaignType; name: string; id: string; createdAt: Date; updatedAt: Date; channel: Channel; status: CampaignStatus; ... 17 more ...; retryCount: number; }'.
src/queue/workers/proactive.worker.ts(383,31): error TS2339: Property 'business' does not exist on type 'PrismaClient<PrismaClientOptions, never, DefaultArgs>'.
src/queue/workers/proactive.worker.ts(430,11): error TS2353: Object literal may only specify known properties, and 'businessId' does not exist in type 'CustomerWhereInput'.
src/queue/workers/summary.worker.ts(203,19): error TS2353: Object literal may only specify known properties, and 'businessId' does not exist in type 'ConversationSelect<DefaultArgs>'.
src/queue/workers/summary.worker.ts(214,34): error TS2339: Property 'businessId' does not exist on type '{ customerId: string; id: string; updatedAt: Date; metadata: JsonValue; channel: Channel; status: ConversationStatus; summary: string | null; startedAt: Date; endedAt: Date | null; }'.
src/queue/workers/summary.worker.ts(260,7): error TS2353: Object literal may only specify known properties, and 'businessId' does not exist in type 'ConversationSelect<DefaultArgs>'.
src/routes/admin-channels.routes.ts(15,35): error TS2339: Property 'business' does not exist on type 'PrismaClient<PrismaClientOptions, never, DefaultArgs>'.
src/routes/admin-channels.routes.ts(72,34): error TS2339: Property 'business' does not exist on type 'PrismaClient<PrismaClientOptions, never, DefaultArgs>'.
src/routes/admin-channels.routes.ts(119,35): error TS2339: Property 'business' does not exist on type 'PrismaClient<PrismaClientOptions, never, DefaultArgs>'.
src/routes/admin-channels.routes.ts(158,37): error TS2339: Property 'business' does not exist on type 'PrismaClient<PrismaClientOptions, never, DefaultArgs>'.
src/routes/admin-channels.routes.ts(198,38): error TS2339: Property 'toUpperCase' does not exist on type 'string | string[]'.
  Property 'toUpperCase' does not exist on type 'string[]'.
src/routes/admin-channels.routes.ts(200,35): error TS2339: Property 'business' does not exist on type 'PrismaClient<PrismaClientOptions, never, DefaultArgs>'.
src/routes/admin-channels.routes.ts(216,34): error TS2339: Property 'business' does not exist on type 'PrismaClient<PrismaClientOptions, never, DefaultArgs>'.
src/routes/admin-channels.routes.ts(244,38): error TS2339: Property 'toUpperCase' does not exist on type 'string | string[]'.
  Property 'toUpperCase' does not exist on type 'string[]'.
src/routes/admin-channels.routes.ts(246,35): error TS2339: Property 'business' does not exist on type 'PrismaClient<PrismaClientOptions, never, DefaultArgs>'.
src/routes/admin-channels.routes.ts(255,34): error TS2339: Property 'business' does not exist on type 'PrismaClient<PrismaClientOptions, never, DefaultArgs>'.
src/routes/admin-channels.routes.ts(258,66): error TS7006: Parameter 'ch' implicitly has an 'any' type.
src/routes/admin-tiers.routes.ts(16,35): error TS2339: Property 'business' does not exist on type 'PrismaClient<PrismaClientOptions, never, DefaultArgs>'.
src/routes/admin-tiers.routes.ts(97,34): error TS2339: Property 'business' does not exist on type 'PrismaClient<PrismaClientOptions, never, DefaultArgs>'.
src/routes/admin-tiers.routes.ts(181,34): error TS2339: Property 'business' does not exist on type 'PrismaClient<PrismaClientOptions, never, DefaultArgs>'.
src/routes/admin-tiers.routes.ts(257,24): error TS2538: Type 'string[]' cannot be used as an index type.
src/routes/admin-tiers.routes.ts(268,35): error TS2339: Property 'business' does not exist on type 'PrismaClient<PrismaClientOptions, never, DefaultArgs>'.
src/routes/admin-tiers.routes.ts(336,34): error TS2339: Property 'business' does not exist on type 'PrismaClient<PrismaClientOptions, never, DefaultArgs>'.
src/routes/admin-tiers.routes.ts(435,33): error TS2339: Property 'business' does not exist on type 'PrismaClient<PrismaClientOptions, never, DefaultArgs>'.
src/routes/admin-tiers.routes.ts(461,16): error TS2339: Property 'business' does not exist on type 'PrismaClient<PrismaClientOptions, never, DefaultArgs>'.
src/routes/admin-tiers.routes.ts(462,16): error TS2339: Property 'business' does not exist on type 'PrismaClient<PrismaClientOptions, never, DefaultArgs>'.
src/routes/voice-context.routes.ts(62,17): error TS2353: Object literal may only specify known properties, and 'businessId' does not exist in type 'CustomerSelect<DefaultArgs>'.
src/routes/voice-context.routes.ts(79,35): error TS2339: Property 'business' does not exist on type 'PrismaClient<PrismaClientOptions, never, DefaultArgs>'.
src/routes/voice-context.routes.ts(80,35): error TS2339: Property 'businessId' does not exist on type '{ tags: string[]; name: string | null; email: string; id: string; isActive: boolean; createdAt: Date; updatedAt: Date; password: string; phone: string | null; aiConfig: JsonValue; ... 11 more ...; lastInteraction: Date; }'.
src/routes/voice-context.routes.ts(163,36): error TS2304: Cannot find name 'phoneNumber'.
src/routes/voice-context.routes.ts(217,17): error TS2353: Object literal may only specify known properties, and 'businessId' does not exist in type '(Without<ConversationCreateInput, ConversationUncheckedCreateInput> & ConversationUncheckedCreateInput) | (Without<...> & ConversationCreateInput)'.
src/routes/voice-context.routes.ts(277,25): error TS2322: Type '"COMPLETED"' is not assignable to type 'ConversationStatus | EnumConversationStatusFieldUpdateOperationsInput | undefined'.
src/routes/voice-context.routes.ts(326,31): error TS2353: Object literal may only specify known properties, and 'businessId' does not exist in type 'CustomerSelect<DefaultArgs>'.
src/routes/voice-context.routes.ts(344,17): error TS2353: Object literal may only specify known properties, and 'businessId' does not exist in type 'Without<CostLogCreateInput, CostLogUncheckedCreateInput> & CostLogUncheckedCreateInput'.
src/routes/voice-context.routes.ts(344,42): error TS2551: Property 'customer' does not exist on type '{ customerId: string; id: string; updatedAt: Date; metadata: JsonValue; channel: Channel; status: ConversationStatus; summary: string | null; startedAt: Date; endedAt: Date | null; }'. Did you mean 'customerId'?
src/routes/voice-context.routes.ts(390,23): error TS2353: Object literal may only specify known properties, and 'businessId' does not exist in type 'CustomerSelect<DefaultArgs>'.
src/routes/voice-context.routes.ts(397,35): error TS2339: Property 'business' does not exist on type 'PrismaClient<PrismaClientOptions, never, DefaultArgs>'.
src/routes/voice-context.routes.ts(398,35): error TS2339: Property 'businessId' does not exist on type '{ tags: string[]; name: string | null; email: string; id: string; isActive: boolean; createdAt: Date; updatedAt: Date; password: string; phone: string | null; aiConfig: JsonValue; ... 11 more ...; lastInteraction: Date; }'.
src/security/security-setup.ts(77,18): error TS2339: Property 'auth' does not exist on type 'Request<ParamsDictionary, any, any, ParsedQs, Record<string, any>>'.
src/services/ai-orchestrator/context-builder.service.ts(156,31): error TS2339: Property 'business' does not exist on type 'PrismaClient<PrismaClientOptions, never, DefaultArgs>'.
src/services/ai-orchestrator/context-builder.service.ts(270,30): error TS2353: Object literal may only specify known properties, and 'businessId' does not exist in type 'ConversationWhereInput'.
src/services/ai-orchestrator/context-builder.service.ts(273,46): error TS2353: Object literal may only specify known properties, and 'businessId' does not exist in type 'Without<ConversationScalarRelationFilter, ConversationWhereInput> & ConversationWhereInput'.
src/services/ai-orchestrator/context-builder.service.ts(277,39): error TS2353: Object literal may only specify known properties, and 'businessId' does not exist in type 'Without<ConversationScalarRelationFilter, ConversationWhereInput> & ConversationWhereInput'.
src/services/ai-orchestrator/prompt-builder.service.ts(45,68): error TS2345: Argument of type 'boolean | undefined' is not assignable to parameter of type 'boolean'.
  Type 'undefined' is not assignable to type 'boolean'.
src/services/ai-orchestrator/prompt-builder.service.ts(108,18): error TS2339: Property 'industry' does not exist on type '{ id: string; name: string; config?: Record<string, any> | undefined; }'.
src/services/ai-orchestrator/prompt-builder.service.ts(109,75): error TS2339: Property 'industry' does not exist on type '{ id: string; name: string; config?: Record<string, any> | undefined; }'.
src/services/ai-orchestrator/prompt-builder.service.ts(134,16): error TS18048: 'customer.trustScore' is possibly 'undefined'.
src/services/ai.service.ts(46,20): error TS2339: Property 'business' does not exist on type 'PrismaClient<PrismaClientOptions, never, DefaultArgs>'.
src/services/ai.service.ts(72,49): error TS7006: Parameter 'm' implicitly has an 'any' type.
src/services/ai.service.ts(77,53): error TS7006: Parameter 'm' implicitly has an 'any' type.
src/services/ai.service.ts(143,39): error TS2339: Property 'business' does not exist on type 'PrismaClient<PrismaClientOptions, never, DefaultArgs>'.
src/services/conversation.orchestrator.ts(32,39): error TS2339: Property 'business' does not exist on type 'PrismaClient<PrismaClientOptions, never, DefaultArgs>'.
src/services/conversation.orchestrator.ts(297,26): error TS2353: Object literal may only specify known properties, and 'businessId' does not exist in type 'ConversationWhereInput'.
src/services/conversation.orchestrator.ts(301,37): error TS2353: Object literal may only specify known properties, and 'businessId' does not exist in type '(Without<ConversationScalarRelationFilter, ConversationWhereInput> & ConversationWhereInput) | (Without<...> & ConversationScalarRelationFilter)'.
src/services/conversation.orchestrator.ts(305,26): error TS2353: Object literal may only specify known properties, and 'businessId' does not exist in type 'ConversationWhereInput'.
src/test/utils.ts(14,29): error TS2339: Property 'business' does not exist on type 'PrismaClient<PrismaClientOptions, never, DefaultArgs>'.
src/test/utils.ts(26,12): error TS2339: Property 'businessCredit' does not exist on type 'PrismaClient<PrismaClientOptions, never, DefaultArgs>'.
src/test/utils.ts(34,12): error TS2339: Property 'rateLimitConfig' does not exist on type 'PrismaClient<PrismaClientOptions, never, DefaultArgs>'.
src/test/utils.ts(49,7): error TS2353: Object literal may only specify known properties, and 'businessId' does not exist in type '(Without<CustomerCreateInput, CustomerUncheckedCreateInput> & CustomerUncheckedCreateInput) | (Without<...> & CustomerCreateInput)'.
src/test/utils.ts(70,7): error TS2353: Object literal may only specify known properties, and 'businessId' does not exist in type 'Without<ConversationCreateInput, ConversationUncheckedCreateInput> & ConversationUncheckedCreateInput'.
src/test/utils.ts(174,7): error TS2683: 'this' implicitly has type 'any' because it does not have a type annotation.
src/test/utils.ts(175,14): error TS2683: 'this' implicitly has type 'any' because it does not have a type annotation.
src/test/utils.ts(178,7): error TS2683: 'this' implicitly has type 'any' because it does not have a type annotation.
src/test/utils.ts(179,14): error TS2683: 'this' implicitly has type 'any' because it does not have a type annotation.
src/test/utils.ts(182,7): error TS2683: 'this' implicitly has type 'any' because it does not have a type annotation.
src/test/utils.ts(183,14): error TS2683: 'this' implicitly has type 'any' because it does not have a type annotation.
