src/analytics/advanced/analytics-advanced.services.ts(90,30): error TS2353: Object literal may only specify known properties, and 'createdAt' does not exist in type 'ConversationWhereInput'.
src/analytics/advanced/analytics-advanced.services.ts(91,32): error TS2353: Object literal may only specify known properties, and 'createdAt' does not exist in type 'ConversationOrderByWithRelationInput | ConversationOrderByWithRelationInput[]'.
src/analytics/advanced/analytics-advanced.services.ts(109,60): error TS2339: Property 'conversations' does not exist on type '{ businessId: string; tags: string[]; name: string | null; email: string | null; id: string; phone: string | null; createdAt: Date; updatedAt: Date; metadata: JsonValue; ... 6 more ...; emailEncrypted: boolean; }'.
src/analytics/advanced/analytics-advanced.services.ts(319,32): error TS2353: Object literal may only specify known properties, and 'createdAt' does not exist in type 'ConversationOrderByWithRelationInput | ConversationOrderByWithRelationInput[]'.
src/analytics/advanced/analytics-advanced.services.ts(545,32): error TS2353: Object literal may only specify known properties, and 'createdAt' does not exist in type 'ConversationOrderByWithRelationInput | ConversationOrderByWithRelationInput[]'.
src/analytics/advanced/analytics-advanced.services.ts(705,32): error TS2353: Object literal may only specify known properties, and 'createdAt' does not exist in type 'ConversationOrderByWithRelationInput | ConversationOrderByWithRelationInput[]'.
src/api/advanced-analytics/advanced-analytics.routes.ts(33,23): error TS2345: Argument of type 'Error' is not assignable to parameter of type 'string'.
src/api/advanced-analytics/advanced-analytics.routes.ts(68,23): error TS2345: Argument of type 'Error' is not assignable to parameter of type 'string'.
src/api/advanced-analytics/advanced-analytics.routes.ts(92,23): error TS2345: Argument of type 'Error' is not assignable to parameter of type 'string'.
src/api/advanced-analytics/advanced-analytics.routes.ts(110,23): error TS2345: Argument of type 'Error' is not assignable to parameter of type 'string'.
src/api/advanced-analytics/advanced-analytics.routes.ts(130,23): error TS2345: Argument of type 'Error' is not assignable to parameter of type 'string'.
src/api/advanced-analytics/advanced-analytics.routes.ts(149,13): error TS2322: Type 'string | string[]' is not assignable to type 'string'.
  Type 'string[]' is not assignable to type 'string'.
src/api/advanced-analytics/advanced-analytics.routes.ts(154,23): error TS2345: Argument of type 'Error' is not assignable to parameter of type 'string'.
src/api/advanced-analytics/advanced-analytics.routes.ts(169,13): error TS2322: Type 'string | string[]' is not assignable to type 'string'.
  Type 'string[]' is not assignable to type 'string'.
src/api/advanced-analytics/advanced-analytics.routes.ts(174,23): error TS2345: Argument of type 'Error' is not assignable to parameter of type 'string'.
src/api/advanced-analytics/advanced-analytics.routes.ts(189,13): error TS2322: Type 'string | string[]' is not assignable to type 'string'.
  Type 'string[]' is not assignable to type 'string'.
src/api/advanced-analytics/advanced-analytics.routes.ts(194,23): error TS2345: Argument of type 'Error' is not assignable to parameter of type 'string'.
src/api/advanced-analytics/advanced-analytics.routes.ts(212,23): error TS2345: Argument of type 'Error' is not assignable to parameter of type 'string'.
src/api/advanced-analytics/advanced-analytics.routes.ts(246,23): error TS2345: Argument of type 'Error' is not assignable to parameter of type 'string'.
src/api/advanced-campaigns/advanced-campaigns.routes.ts(46,56): error TS2345: Argument of type '{ name: string; campaignId: string; variants: { name: string; content: string; subject?: string | undefined; weight?: number | undefined; }[]; description?: string | undefined; winnerCriteria?: "OPEN_RATE" | ... 3 more ... | undefined; confidenceLevel?: number | undefined; sampleSize?: number | undefined; businessId...' is not assignable to parameter of type '{ businessId: string; campaignId: string; name: string; description?: string | undefined; variants: { name: string; content: string; subject?: string | undefined; weight?: number | undefined; }[]; winnerCriteria?: WinnerCriteria | undefined; confidenceLevel?: number | undefined; sampleSize?: number | undefined; }'.
  Types of property 'winnerCriteria' are incompatible.
    Type '"OPEN_RATE" | "CLICK_RATE" | "REPLY_RATE" | "CONVERSION_RATE" | undefined' is not assignable to type 'WinnerCriteria | undefined'.
      Type '"OPEN_RATE"' is not assignable to type 'WinnerCriteria | undefined'.
src/api/advanced-campaigns/advanced-campaigns.routes.ts(53,23): error TS2345: Argument of type 'Error' is not assignable to parameter of type 'string'.
src/api/advanced-campaigns/advanced-campaigns.routes.ts(73,23): error TS2345: Argument of type 'Error' is not assignable to parameter of type 'string'.
src/api/advanced-campaigns/advanced-campaigns.routes.ts(86,22): error TS2322: Type 'string | string[]' is not assignable to type 'string | undefined'.
  Type 'string[]' is not assignable to type 'string'.
src/api/advanced-campaigns/advanced-campaigns.routes.ts(90,34): error TS2345: Argument of type 'Error' is not assignable to parameter of type 'string'.
src/api/advanced-campaigns/advanced-campaigns.routes.ts(95,23): error TS2345: Argument of type 'Error' is not assignable to parameter of type 'string'.
src/api/advanced-campaigns/advanced-campaigns.routes.ts(107,55): error TS2345: Argument of type 'string | string[]' is not assignable to parameter of type 'string'.
  Type 'string[]' is not assignable to type 'string'.
src/api/advanced-campaigns/advanced-campaigns.routes.ts(111,23): error TS2345: Argument of type 'Error' is not assignable to parameter of type 'string'.
src/api/advanced-campaigns/advanced-campaigns.routes.ts(123,63): error TS2345: Argument of type 'string | string[]' is not assignable to parameter of type 'string'.
  Type 'string[]' is not assignable to type 'string'.
src/api/advanced-campaigns/advanced-campaigns.routes.ts(127,23): error TS2345: Argument of type 'Error' is not assignable to parameter of type 'string'.
src/api/advanced-campaigns/advanced-campaigns.routes.ts(160,23): error TS2345: Argument of type 'Error' is not assignable to parameter of type 'string'.
src/api/advanced-campaigns/advanced-campaigns.routes.ts(175,13): error TS2322: Type 'string | string[]' is not assignable to type 'string'.
  Type 'string[]' is not assignable to type 'string'.
src/api/advanced-campaigns/advanced-campaigns.routes.ts(180,23): error TS2345: Argument of type 'Error' is not assignable to parameter of type 'string'.
src/api/advanced-campaigns/advanced-campaigns.routes.ts(209,23): error TS2345: Argument of type 'Error' is not assignable to parameter of type 'string'.
src/api/ai-advanced/ai-advanced.routes.ts(50,27): error TS2345: Argument of type 'Error' is not assignable to parameter of type 'string'.
src/api/ai-advanced/ai-advanced.routes.ts(70,17): error TS2322: Type 'string | string[]' is not assignable to type 'string'.
  Type 'string[]' is not assignable to type 'string'.
src/api/ai-advanced/ai-advanced.routes.ts(76,27): error TS2345: Argument of type 'Error' is not assignable to parameter of type 'string'.
src/api/ai-advanced/ai-advanced.routes.ts(110,27): error TS2345: Argument of type 'Error' is not assignable to parameter of type 'string'.
src/api/ai-advanced/ai-advanced.routes.ts(134,27): error TS2345: Argument of type 'Error' is not assignable to parameter of type 'string'.
src/api/ai-advanced/ai-advanced.routes.ts(164,27): error TS2345: Argument of type 'Error' is not assignable to parameter of type 'string'.
src/api/ai-advanced/ai-advanced.routes.ts(196,27): error TS2345: Argument of type 'Error' is not assignable to parameter of type 'string'.
src/api/ai-advanced/ai-advanced.routes.ts(254,27): error TS2345: Argument of type 'Error' is not assignable to parameter of type 'string'.
src/api/analytics/analytics.service.ts(152,30): error TS2353: Object literal may only specify known properties, and 'createdAt' does not exist in type 'ConversationWhereInput'.
src/api/analytics/analytics.service.ts(195,11): error TS2353: Object literal may only specify known properties, and 'createdAt' does not exist in type 'ConversationWhereInput'.
src/api/analytics/analytics.service.ts(314,30): error TS2353: Object literal may only specify known properties, and 'createdAt' does not exist in type 'ConversationWhereInput'.
src/api/analytics/analytics.service.ts(318,30): error TS2353: Object literal may only specify known properties, and 'createdAt' does not exist in type 'ConversationWhereInput'.
src/api/analytics/analytics.service.ts(325,28): error TS2353: Object literal may only specify known properties, and 'createdAt' does not exist in type 'ConversationWhereInput'.
src/api/analytics/analytics.service.ts(368,16): error TS18048: 's._count' is possibly 'undefined'.
src/api/analytics/analytics.service.ts(368,25): error TS2339: Property 'id' does not exist on type 'true | { id?: number | undefined; businessId?: number | undefined; customerId?: number | undefined; channel?: number | undefined; status?: number | undefined; summary?: number | undefined; ... 4 more ...; _all?: number | undefined; }'.
  Property 'id' does not exist on type 'true'.
src/api/analytics/analytics.service.ts(372,16): error TS18048: 'c._count' is possibly 'undefined'.
src/api/analytics/analytics.service.ts(372,25): error TS2339: Property 'id' does not exist on type 'true | { id?: number | undefined; businessId?: number | undefined; customerId?: number | undefined; channel?: number | undefined; status?: number | undefined; summary?: number | undefined; ... 4 more ...; _all?: number | undefined; }'.
  Property 'id' does not exist on type 'true'.
src/api/analytics/analytics.service.ts(419,9): error TS2353: Object literal may only specify known properties, and 'query' does not exist in type 'ResponseCacheSelect<DefaultArgs>'.
src/api/analytics/analytics.service.ts(439,18): error TS2339: Property 'query' does not exist on type '{ businessId: string; customerId: string | null; id: string; createdAt: Date; embeddingHash: string; queryText: string; queryNormalized: string; responseText: string; contextHash: string | null; ... 7 more ...; feedbackCount: number; }'.
src/api/analytics/analytics.service.ts(543,48): error TS2353: Object literal may only specify known properties, and 'isBlocked' does not exist in type 'CustomerWhereInput'.
src/api/business/business.controller.ts(20,33): error TS2551: Property 'businesses' does not exist on type 'PrismaClient<PrismaClientOptions, never, DefaultArgs>'. Did you mean 'business'?
src/api/business/business.controller.ts(98,33): error TS2551: Property 'businesses' does not exist on type 'PrismaClient<PrismaClientOptions, never, DefaultArgs>'. Did you mean 'business'?
src/api/business/business.controller.ts(126,33): error TS2551: Property 'businesses' does not exist on type 'PrismaClient<PrismaClientOptions, never, DefaultArgs>'. Did you mean 'business'?
src/api/business/business.controller.ts(191,33): error TS2551: Property 'businesses' does not exist on type 'PrismaClient<PrismaClientOptions, never, DefaultArgs>'. Did you mean 'business'?
src/api/business/business.controller.ts(228,36): error TS2551: Property 'costLogs' does not exist on type 'PrismaClient<PrismaClientOptions, never, DefaultArgs>'. Did you mean 'costLog'?
src/api/business/business.controller.ts(264,42): error TS7006: Parameter 'cost' implicitly has an 'any' type.
src/api/campaigns/campaign.controller.ts(43,13): error TS2353: Object literal may only specify known properties, and '_count' does not exist in type 'CampaignInclude<DefaultArgs>'.
src/api/campaigns/campaign.controller.ts(60,27): error TS2339: Property 'scheduleType' does not exist on type '{ businessId: string; type: CampaignType; name: string; id: string; createdAt: Date; updatedAt: Date; channel: Channel; status: CampaignStatus; ... 17 more ...; retryCount: number; }'.
src/api/campaigns/campaign.controller.ts(63,27): error TS2339: Property '_count' does not exist on type '{ businessId: string; type: CampaignType; name: string; id: string; createdAt: Date; updatedAt: Date; channel: Channel; status: CampaignStatus; ... 17 more ...; retryCount: number; }'.
src/api/campaigns/campaign.controller.ts(130,11): error TS2322: Type '"SCHEDULED" | "EVENT_BASED"' is not assignable to type 'CampaignType'.
  Type '"SCHEDULED"' is not assignable to type 'CampaignType'.
src/api/campaigns/campaign.controller.ts(170,18): error TS2322: Type 'string | string[]' is not assignable to type 'string | StringFilter<"Campaign"> | undefined'.
  Type 'string[]' is not assignable to type 'string | StringFilter<"Campaign"> | undefined'.
src/api/campaigns/campaign.controller.ts(172,11): error TS2353: Object literal may only specify known properties, and '_count' does not exist in type 'CampaignInclude<DefaultArgs>'.
src/api/campaigns/campaign.controller.ts(208,32): error TS2339: Property 'scheduleType' does not exist on type '{ businessId: string; type: CampaignType; name: string; id: string; createdAt: Date; updatedAt: Date; channel: Channel; status: CampaignStatus; ... 17 more ...; retryCount: number; }'.
src/api/campaigns/campaign.controller.ts(211,37): error TS2339: Property 'aiPersonalization' does not exist on type '{ businessId: string; type: CampaignType; name: string; id: string; createdAt: Date; updatedAt: Date; channel: Channel; status: CampaignStatus; ... 17 more ...; retryCount: number; }'.
src/api/campaigns/campaign.controller.ts(213,27): error TS2339: Property 'trigger' does not exist on type '{ businessId: string; type: CampaignType; name: string; id: string; createdAt: Date; updatedAt: Date; channel: Channel; status: CampaignStatus; ... 17 more ...; retryCount: number; }'.
src/api/campaigns/campaign.controller.ts(214,32): error TS2339: Property '_count' does not exist on type '{ businessId: string; type: CampaignType; name: string; id: string; createdAt: Date; updatedAt: Date; channel: Channel; status: CampaignStatus; ... 17 more ...; retryCount: number; }'.
src/api/campaigns/campaign.controller.ts(215,34): error TS2339: Property 'logs' does not exist on type '{ businessId: string; type: CampaignType; name: string; id: string; createdAt: Date; updatedAt: Date; channel: Channel; status: CampaignStatus; ... 17 more ...; retryCount: number; }'.
src/api/campaigns/campaign.controller.ts(236,18): error TS2322: Type 'string | string[]' is not assignable to type 'string | StringFilter<"Campaign"> | undefined'.
  Type 'string[]' is not assignable to type 'string | StringFilter<"Campaign"> | undefined'.
src/api/campaigns/campaign.controller.ts(276,18): error TS2322: Type 'string | string[]' is not assignable to type 'string | undefined'.
  Type 'string[]' is not assignable to type 'string'.
src/api/campaigns/campaign.controller.ts(307,18): error TS2322: Type 'string | string[]' is not assignable to type 'string | StringFilter<"Campaign"> | undefined'.
  Type 'string[]' is not assignable to type 'string | StringFilter<"Campaign"> | undefined'.
src/api/campaigns/campaign.controller.ts(322,18): error TS2322: Type 'string | string[]' is not assignable to type 'string | undefined'.
  Type 'string[]' is not assignable to type 'string'.
src/api/campaigns/campaign.controller.ts(347,18): error TS2322: Type 'string | string[]' is not assignable to type 'string | StringFilter<"Campaign"> | undefined'.
  Type 'string[]' is not assignable to type 'string | StringFilter<"Campaign"> | undefined'.
src/api/campaigns/campaign.controller.ts(376,18): error TS2322: Type 'string | string[]' is not assignable to type 'string | undefined'.
  Type 'string[]' is not assignable to type 'string'.
src/api/campaigns/campaign.controller.ts(381,49): error TS2345: Argument of type 'string | string[]' is not assignable to parameter of type 'string'.
  Type 'string[]' is not assignable to type 'string'.
src/api/campaigns/campaign.controller.ts(407,18): error TS2322: Type 'string | string[]' is not assignable to type 'string | StringFilter<"Campaign"> | undefined'.
  Type 'string[]' is not assignable to type 'string | StringFilter<"Campaign"> | undefined'.
src/api/conversations/conversation.controller.ts(84,27): error TS2339: Property 'createdAt' does not exist on type '{ customer: { name: string | null; email: string | null; id: string; phone: string | null; }; _count: { messages: number; }; } & { businessId: string; customerId: string; id: string; updatedAt: Date; ... 5 more ...; endedAt: Date | null; }'.
src/api/conversations/conversation.controller.ts(112,18): error TS2322: Type 'string | string[]' is not assignable to type 'string | StringFilter<"Conversation"> | undefined'.
  Type 'string[]' is not assignable to type 'string | StringFilter<"Conversation"> | undefined'.
src/api/conversations/conversation.controller.ts(142,32): error TS2551: Property 'customer' does not exist on type '{ businessId: string; customerId: string; id: string; updatedAt: Date; metadata: JsonValue; channel: Channel; status: ConversationStatus; summary: string | null; startedAt: Date; endedAt: Date | null; }'. Did you mean 'customerId'?
src/api/conversations/conversation.controller.ts(143,33): error TS2339: Property 'createdAt' does not exist on type '{ businessId: string; customerId: string; id: string; updatedAt: Date; metadata: JsonValue; channel: Channel; status: ConversationStatus; summary: string | null; startedAt: Date; endedAt: Date | null; }'.
src/api/conversations/conversation.controller.ts(145,36): error TS2339: Property '_count' does not exist on type '{ businessId: string; customerId: string; id: string; updatedAt: Date; metadata: JsonValue; channel: Channel; status: ConversationStatus; summary: string | null; startedAt: Date; endedAt: Date | null; }'.
src/api/conversations/conversation.controller.ts(164,18): error TS2322: Type 'string | string[]' is not assignable to type 'string | StringFilter<"Conversation"> | undefined'.
  Type 'string[]' is not assignable to type 'string | StringFilter<"Conversation"> | undefined'.
src/api/conversations/conversation.controller.ts(178,20): error TS2322: Type 'string | string[]' is not assignable to type 'string | StringFilter<"Message"> | undefined'.
  Type 'string[]' is not assignable to type 'string | StringFilter<"Message"> | undefined'.
src/api/conversations/conversation.controller.ts(191,37): error TS2322: Type 'string | string[]' is not assignable to type 'string | StringFilter<"Message"> | undefined'.
  Type 'string[]' is not assignable to type 'string | StringFilter<"Message"> | undefined'.
src/api/conversations/conversation.controller.ts(234,18): error TS2322: Type 'string | string[]' is not assignable to type 'string | StringFilter<"Conversation"> | undefined'.
  Type 'string[]' is not assignable to type 'string | StringFilter<"Conversation"> | undefined'.
src/api/conversations/conversation.controller.ts(243,18): error TS2322: Type 'string | string[]' is not assignable to type 'string | undefined'.
  Type 'string[]' is not assignable to type 'string'.
src/api/conversations/conversation.controller.ts(288,18): error TS2322: Type 'string | string[]' is not assignable to type 'string | StringFilter<"Conversation"> | undefined'.
  Type 'string[]' is not assignable to type 'string | StringFilter<"Conversation"> | undefined'.
src/api/conversations/conversation.controller.ts(297,18): error TS2322: Type 'string | string[]' is not assignable to type 'string | undefined'.
  Type 'string[]' is not assignable to type 'string'.
src/api/conversations/conversation.controller.ts(299,11): error TS2322: Type '"HUMAN_HANDOFF"' is not assignable to type 'ConversationStatus | EnumConversationStatusFieldUpdateOperationsInput | undefined'.
src/api/conversations/conversation.controller.ts(340,18): error TS2322: Type 'string | string[]' is not assignable to type 'string | StringFilter<"Conversation"> | undefined'.
  Type 'string[]' is not assignable to type 'string | StringFilter<"Conversation"> | undefined'.
src/api/conversations/conversation.controller.ts(350,18): error TS2322: Type 'string | string[]' is not assignable to type 'string | undefined'.
  Type 'string[]' is not assignable to type 'string'.
src/api/crm/crm.routes.ts(7,41): error TS2305: Module '"@/integrations"' has no exported member 'CRMProvider'.
src/api/crm/crm.routes.ts(47,23): error TS2345: Argument of type 'Error' is not assignable to parameter of type 'string'.
src/api/crm/crm.routes.ts(80,17): error TS2698: Spread types may only be created from object types.
src/api/crm/crm.routes.ts(81,17): error TS2698: Spread types may only be created from object types.
src/api/crm/crm.routes.ts(82,17): error TS2698: Spread types may only be created from object types.
src/api/crm/crm.routes.ts(83,17): error TS2698: Spread types may only be created from object types.
src/api/crm/crm.routes.ts(84,17): error TS2698: Spread types may only be created from object types.
src/api/crm/crm.routes.ts(85,17): error TS2698: Spread types may only be created from object types.
src/api/crm/crm.routes.ts(95,17): error TS2322: Type 'unknown' is not assignable to type 'CRMProvider'.
src/api/crm/crm.routes.ts(96,17): error TS2322: Type 'unknown' is not assignable to type 'string | null | undefined'.
src/api/crm/crm.routes.ts(97,17): error TS2322: Type 'unknown' is not assignable to type 'string | null | undefined'.
src/api/crm/crm.routes.ts(98,17): error TS2322: Type 'unknown' is not assignable to type 'string | null | undefined'.
src/api/crm/crm.routes.ts(99,17): error TS2322: Type 'unknown' is not assignable to type 'string | null | undefined'.
src/api/crm/crm.routes.ts(100,17): error TS2322: Type 'unknown' is not assignable to type 'string | null | undefined'.
src/api/crm/crm.routes.ts(102,17): error TS2322: Type '{}' is not assignable to type 'boolean | undefined'.
src/api/crm/crm.routes.ts(103,17): error TS2322: Type '{}' is not assignable to type 'boolean | undefined'.
src/api/crm/crm.routes.ts(104,17): error TS2322: Type '{}' is not assignable to type 'boolean | undefined'.
src/api/crm/crm.routes.ts(105,17): error TS2322: Type '{}' is not assignable to type 'boolean | undefined'.
src/api/crm/crm.routes.ts(106,17): error TS2322: Type '{}' is not assignable to type 'boolean | undefined'.
src/api/crm/crm.routes.ts(120,23): error TS2345: Argument of type 'Error' is not assignable to parameter of type 'string'.
src/api/crm/crm.routes.ts(136,34): error TS2345: Argument of type 'Error' is not assignable to parameter of type 'string'.
src/api/crm/crm.routes.ts(143,50): error TS2345: Argument of type 'string | string[]' is not assignable to parameter of type 'string'.
  Type 'string[]' is not assignable to type 'string'.
src/api/crm/crm.routes.ts(145,47): error TS2345: Argument of type 'string | string[]' is not assignable to parameter of type 'string'.
  Type 'string[]' is not assignable to type 'string'.
src/api/crm/crm.routes.ts(147,34): error TS2345: Argument of type 'Error' is not assignable to parameter of type 'string'.
src/api/crm/crm.routes.ts(153,27): error TS2345: Argument of type 'Error' is not assignable to parameter of type 'string'.
src/api/crm/crm.routes.ts(156,23): error TS2345: Argument of type 'Error' is not assignable to parameter of type 'string'.
src/api/crm/crm.routes.ts(179,34): error TS2345: Argument of type 'Error' is not assignable to parameter of type 'string'.
src/api/crm/crm.routes.ts(188,27): error TS2345: Argument of type 'Error' is not assignable to parameter of type 'string'.
src/api/crm/crm.routes.ts(191,23): error TS2345: Argument of type 'Error' is not assignable to parameter of type 'string'.
src/api/crm/crm.routes.ts(214,34): error TS2345: Argument of type 'Error' is not assignable to parameter of type 'string'.
src/api/crm/crm.routes.ts(223,27): error TS2345: Argument of type 'Error' is not assignable to parameter of type 'string'.
src/api/crm/crm.routes.ts(226,23): error TS2345: Argument of type 'Error' is not assignable to parameter of type 'string'.
src/api/crm/crm.routes.ts(297,23): error TS2345: Argument of type 'Error' is not assignable to parameter of type 'string'.
src/api/crm/crm.routes.ts(318,23): error TS2345: Argument of type 'Error' is not assignable to parameter of type 'string'.
src/api/customers/customer.controller.ts(63,30): error TS2551: Property 'customers' does not exist on type 'PrismaClient<PrismaClientOptions, never, DefaultArgs>'. Did you mean 'customer'?
src/api/customers/customer.controller.ts(66,34): error TS2551: Property 'customers' does not exist on type 'PrismaClient<PrismaClientOptions, never, DefaultArgs>'. Did you mean 'customer'?
src/api/customers/customer.controller.ts(116,33): error TS2551: Property 'customers' does not exist on type 'PrismaClient<PrismaClientOptions, never, DefaultArgs>'. Did you mean 'customer'?
src/api/customers/customer.controller.ts(165,33): error TS2551: Property 'customers' does not exist on type 'PrismaClient<PrismaClientOptions, never, DefaultArgs>'. Did you mean 'customer'?
src/api/customers/customer.controller.ts(178,38): error TS2551: Property 'conversations' does not exist on type 'PrismaClient<PrismaClientOptions, never, DefaultArgs>'. Did you mean 'conversation'?
src/api/customers/customer.controller.ts(192,30): error TS2551: Property 'conversations' does not exist on type 'PrismaClient<PrismaClientOptions, never, DefaultArgs>'. Did you mean 'conversation'?
src/api/customers/customer.controller.ts(197,43): error TS7006: Parameter 'conv' implicitly has an 'any' type.
src/api/customers/customer.controller.ts(230,33): error TS2551: Property 'customers' does not exist on type 'PrismaClient<PrismaClientOptions, never, DefaultArgs>'. Did you mean 'customer'?
src/api/customers/customer.controller.ts(240,42): error TS2551: Property 'conversations' does not exist on type 'PrismaClient<PrismaClientOptions, never, DefaultArgs>'. Did you mean 'conversation'?
src/api/customers/customer.controller.ts(247,37): error TS2551: Property 'messages' does not exist on type 'PrismaClient<PrismaClientOptions, never, DefaultArgs>'. Did you mean 'message'?
src/api/customers/customer.controller.ts(256,44): error TS2551: Property 'conversations' does not exist on type 'PrismaClient<PrismaClientOptions, never, DefaultArgs>'. Did you mean 'conversation'?
src/api/customers/customer.controller.ts(271,57): error TS7006: Parameter 'sum' implicitly has an 'any' type.
src/api/customers/customer.controller.ts(271,62): error TS7006: Parameter 's' implicitly has an 'any' type.
src/api/customers/customer.controller.ts(275,42): error TS7006: Parameter 'stat' implicitly has an 'any' type.
src/api/customers/customer.controller.ts(307,33): error TS2551: Property 'customers' does not exist on type 'PrismaClient<PrismaClientOptions, never, DefaultArgs>'. Did you mean 'customer'?
src/api/customers/customer.controller.ts(320,40): error TS2551: Property 'customers' does not exist on type 'PrismaClient<PrismaClientOptions, never, DefaultArgs>'. Did you mean 'customer'?
src/api/customers/customer.controller.ts(357,33): error TS2551: Property 'customers' does not exist on type 'PrismaClient<PrismaClientOptions, never, DefaultArgs>'. Did you mean 'customer'?
src/api/customers/customer.controller.ts(368,44): error TS7006: Parameter 'tag' implicitly has an 'any' type.
src/api/customers/customer.controller.ts(370,40): error TS2551: Property 'customers' does not exist on type 'PrismaClient<PrismaClientOptions, never, DefaultArgs>'. Did you mean 'customer'?
src/api/customers/customer.controller.ts(397,33): error TS2551: Property 'customers' does not exist on type 'PrismaClient<PrismaClientOptions, never, DefaultArgs>'. Did you mean 'customer'?
src/api/customers/customer.controller.ts(406,40): error TS2551: Property 'customers' does not exist on type 'PrismaClient<PrismaClientOptions, never, DefaultArgs>'. Did you mean 'customer'?
src/api/customers/customer.controller.ts(455,33): error TS2551: Property 'customers' does not exist on type 'PrismaClient<PrismaClientOptions, never, DefaultArgs>'. Did you mean 'customer'?
src/api/customers/customer.controller.ts(466,40): error TS2551: Property 'customers' does not exist on type 'PrismaClient<PrismaClientOptions, never, DefaultArgs>'. Did you mean 'customer'?
src/api/faq/faq.controller.ts(144,18): error TS2322: Type 'string | string[]' is not assignable to type 'string | StringFilter<"BusinessFAQ"> | undefined'.
  Type 'string[]' is not assignable to type 'string | StringFilter<"BusinessFAQ"> | undefined'.
src/api/faq/faq.controller.ts(153,18): error TS2322: Type 'string | string[]' is not assignable to type 'string | undefined'.
  Type 'string[]' is not assignable to type 'string'.
src/api/faq/faq.controller.ts(185,18): error TS2322: Type 'string | string[]' is not assignable to type 'string | StringFilter<"BusinessFAQ"> | undefined'.
  Type 'string[]' is not assignable to type 'string | StringFilter<"BusinessFAQ"> | undefined'.
src/api/faq/faq.controller.ts(194,18): error TS2322: Type 'string | string[]' is not assignable to type 'string | undefined'.
  Type 'string[]' is not assignable to type 'string'.
src/api/white-label/white-label.routes.ts(29,23): error TS2345: Argument of type 'Error' is not assignable to parameter of type 'string'.
src/api/white-label/white-label.routes.ts(55,23): error TS2345: Argument of type 'Error' is not assignable to parameter of type 'string'.
src/api/white-label/white-label.routes.ts(81,23): error TS2345: Argument of type 'Error' is not assignable to parameter of type 'string'.
src/api/white-label/white-label.routes.ts(103,23): error TS2345: Argument of type 'Error' is not assignable to parameter of type 'string'.
src/api/white-label/white-label.routes.ts(127,23): error TS2345: Argument of type 'Error' is not assignable to parameter of type 'string'.
src/api/white-label/white-label.routes.ts(152,23): error TS2345: Argument of type 'Error' is not assignable to parameter of type 'string'.
src/api/white-label/white-label.routes.ts(168,23): error TS2345: Argument of type 'Error' is not assignable to parameter of type 'string'.
src/api/white-label/white-label.routes.ts(185,23): error TS2345: Argument of type 'Error' is not assignable to parameter of type 'string'.
src/api/white-label/white-label.routes.ts(205,23): error TS2345: Argument of type 'Error' is not assignable to parameter of type 'string'.
src/api/white-label/white-label.routes.ts(230,23): error TS2345: Argument of type 'Error' is not assignable to parameter of type 'string'.
src/api/white-label/white-label.routes.ts(242,78): error TS2345: Argument of type 'string | string[]' is not assignable to parameter of type 'string'.
  Type 'string[]' is not assignable to type 'string'.
src/api/white-label/white-label.routes.ts(246,23): error TS2345: Argument of type 'Error' is not assignable to parameter of type 'string'.
src/api/white-label/white-label.routes.ts(258,57): error TS2345: Argument of type 'string | string[]' is not assignable to parameter of type 'string'.
  Type 'string[]' is not assignable to type 'string'.
src/api/white-label/white-label.routes.ts(263,27): error TS2345: Argument of type 'Error' is not assignable to parameter of type 'string'.
src/api/white-label/white-label.routes.ts(266,23): error TS2345: Argument of type 'Error' is not assignable to parameter of type 'string'.
src/api/white-label/white-label.routes.ts(278,42): error TS2345: Argument of type 'string | string[]' is not assignable to parameter of type 'string'.
  Type 'string[]' is not assignable to type 'string'.
src/api/white-label/white-label.routes.ts(282,23): error TS2345: Argument of type 'Error' is not assignable to parameter of type 'string'.
src/features/ai-advanced/ai-advanced.services.ts(579,21): error TS2322: Type 'string' is not assignable to type 'UrgencyLevel | undefined'.
src/features/audit/audit-logger.service.ts(288,13): error TS18004: No value exists in scope for the shorthand property 'req'. Either declare one or provide an initializer.
src/features/audit/audit.routes.ts(56,27): error TS2345: Argument of type 'Error' is not assignable to parameter of type 'string'.
src/features/audit/audit.routes.ts(73,73): error TS2345: Argument of type 'string | string[]' is not assignable to parameter of type 'string'.
  Type 'string[]' is not assignable to type 'string'.
src/features/audit/audit.routes.ts(82,27): error TS2345: Argument of type 'Error' is not assignable to parameter of type 'string'.
src/features/audit/audit.routes.ts(113,27): error TS2345: Argument of type 'Error' is not assignable to parameter of type 'string'.
src/features/audit/audit.routes.ts(149,27): error TS2345: Argument of type 'Error' is not assignable to parameter of type 'string'.
src/features/cache/semantic-cache.service.ts(64,15): error TS2304: Cannot find name 'Channel'.
src/features/cache/semantic-cache.service.ts(176,15): error TS2304: Cannot find name 'Channel'.
src/features/cache/semantic-cache.service.ts(390,15): error TS2304: Cannot find name 'Channel'.
src/features/cache/semantic-cache.service.ts(421,15): error TS2304: Cannot find name 'Channel'.
src/features/cache/semantic-cache.service.ts(434,9): error TS2353: Object literal may only specify known properties, and 'queryVector' does not exist in type 'Without<ResponseCacheCreateInput, ResponseCacheUncheckedCreateInput> & ResponseCacheUncheckedCreateInput'.
src/features/cache/semantic-cache.service.ts(448,7): error TS2353: Object literal may only specify known properties, and 'response' does not exist in type 'BackgroundFetch<string>'.
src/features/cache/semantic-cache.service.ts(464,17): error TS2339: Property 'expiresAt' does not exist on type 'string'.
src/features/cache/semantic-cache.service.ts(751,11): error TS2353: Object literal may only specify known properties, and 'embedding' does not exist in type 'Without<BusinessFAQCreateInput, BusinessFAQUncheckedCreateInput> & BusinessFAQUncheckedCreateInput'.
src/features/campaigns-advanced/campaigns-advanced.services.ts(468,32): error TS2353: Object literal may only specify known properties, and 'createdAt' does not exist in type 'ConversationOrderByWithRelationInput | ConversationOrderByWithRelationInput[]'.
src/features/campaigns-advanced/campaigns-advanced.services.ts(508,17): error TS2322: Type 'string | null' is not assignable to type 'string | undefined'.
  Type 'null' is not assignable to type 'string | undefined'.
src/features/campaigns-advanced/campaigns-advanced.services.ts(511,45): error TS2339: Property 'conversations' does not exist on type '{ businessId: string; tags: string[]; name: string | null; email: string | null; id: string; phone: string | null; createdAt: Date; updatedAt: Date; metadata: JsonValue; ... 6 more ...; emailEncrypted: boolean; }'.
src/features/cost-control/abuse-detection.service.ts(104,37): error TS2345: Argument of type 'Promise<"ALLOW" | "THROTTLE" | "BLOCK" | "BAN">' is not assignable to parameter of type 'string'.
src/features/cost-control/abuse-detection.service.ts(109,9): error TS2322: Type 'Promise<"ALLOW" | "THROTTLE" | "BLOCK" | "BAN">' is not assignable to type '"ALLOW" | "THROTTLE" | "BLOCK" | "BAN"'.
src/features/cost-control/cost-tracker.service.ts(255,31): error TS2365: Operator '>' cannot be applied to types 'Decimal' and 'number'.
src/features/enterprise.index.ts(40,15): error TS2307: Cannot find module './integrations' or its corresponding type declarations.
src/middleware/abuse-detection.middleware.ts(42,7): error TS2322: Type 'string | string[]' is not assignable to type 'string'.
  Type 'string[]' is not assignable to type 'string'.
src/middleware/abuse-detection.middleware.ts(43,7): error TS2322: Type 'string | string[]' is not assignable to type 'string | undefined'.
  Type 'string[]' is not assignable to type 'string'.
src/middleware/abuse-detection.middleware.ts(156,16): error TS2322: Type 'string | string[]' is not assignable to type 'string | undefined'.
  Type 'string[]' is not assignable to type 'string'.
src/middleware/abuse-detection.middleware.ts(202,13): error TS2322: Type 'string | string[]' is not assignable to type 'string | StringFilter<"Conversation"> | undefined'.
  Type 'string[]' is not assignable to type 'string | StringFilter<"Conversation"> | undefined'.
src/middleware/cost-gate.middleware.ts(27,66): error TS2345: Argument of type 'string | string[]' is not assignable to parameter of type 'string'.
  Type 'string[]' is not assignable to type 'string'.
src/middleware/cost-gate.middleware.ts(54,39): error TS2345: Argument of type 'string | string[]' is not assignable to parameter of type 'string'.
  Type 'string[]' is not assignable to type 'string'.
src/middleware/rate-limit.middleware.ts(39,51): error TS2345: Argument of type 'string | string[]' is not assignable to parameter of type 'string'.
  Type 'string[]' is not assignable to type 'string'.
src/middleware/rate-limit.middleware.ts(50,71): error TS2345: Argument of type 'string | string[]' is not assignable to parameter of type 'string'.
  Type 'string[]' is not assignable to type 'string'.
src/middleware/rate-limit.middleware.ts(67,9): error TS2345: Argument of type 'string | string[]' is not assignable to parameter of type 'string'.
  Type 'string[]' is not assignable to type 'string'.
src/middleware/request-tracing.middleware.ts(65,5): error TS2322: Type 'ReqId | null' is not assignable to type 'string | null'.
  Type 'number' is not assignable to type 'string'.
src/queue/workers/cost-report.worker.ts(206,35): error TS2345: Argument of type '(string | null)[]' is not assignable to parameter of type 'string[]'.
  Type 'string | null' is not assignable to type 'string'.
    Type 'null' is not assignable to type 'string'.
src/queue/workers/cost-report.worker.ts(257,35): error TS2345: Argument of type '(string | null)[]' is not assignable to parameter of type 'string[]'.
  Type 'string | null' is not assignable to type 'string'.
    Type 'null' is not assignable to type 'string'.
src/queue/workers/proactive.worker.ts(221,42): error TS2339: Property 'checkBudget' does not exist on type 'typeof BudgetService'.
src/routes/admin-channels.routes.ts(16,22): error TS2322: Type 'string | string[]' is not assignable to type 'string | undefined'.
  Type 'string[]' is not assignable to type 'string'.
src/routes/admin-channels.routes.ts(73,22): error TS2322: Type 'string | string[]' is not assignable to type 'string | undefined'.
  Type 'string[]' is not assignable to type 'string'.
src/routes/admin-channels.routes.ts(120,13): error TS2322: Type '{ name: any; email: any; phone: any; industry: any; enabledChannels: any; credits: { create: { totalCredits: any; availableCredits: any; monthlyBudget: any; }; }; }' is not assignable to type '(Without<BusinessCreateInput, BusinessUncheckedCreateInput> & BusinessUncheckedCreateInput) | (Without<...> & BusinessCreateInput)'.
  Type '{ name: any; email: any; phone: any; industry: any; enabledChannels: any; credits: { create: { totalCredits: any; availableCredits: any; monthlyBudget: any; }; }; }' is not assignable to type 'Without<BusinessUncheckedCreateInput, BusinessCreateInput> & BusinessCreateInput'.
    Property 'clerkId' is missing in type '{ name: any; email: any; phone: any; industry: any; enabledChannels: any; credits: { create: { totalCredits: any; availableCredits: any; monthlyBudget: any; }; }; }' but required in type 'BusinessCreateInput'.
src/routes/admin-channels.routes.ts(198,38): error TS2339: Property 'toUpperCase' does not exist on type 'string | string[]'.
  Property 'toUpperCase' does not exist on type 'string[]'.
src/routes/admin-channels.routes.ts(201,22): error TS2322: Type 'string | string[]' is not assignable to type 'string | undefined'.
  Type 'string[]' is not assignable to type 'string'.
src/routes/admin-channels.routes.ts(217,22): error TS2322: Type 'string | string[]' is not assignable to type 'string | undefined'.
  Type 'string[]' is not assignable to type 'string'.
src/routes/admin-channels.routes.ts(244,38): error TS2339: Property 'toUpperCase' does not exist on type 'string | string[]'.
  Property 'toUpperCase' does not exist on type 'string[]'.
src/routes/admin-channels.routes.ts(247,22): error TS2322: Type 'string | string[]' is not assignable to type 'string | undefined'.
  Type 'string[]' is not assignable to type 'string'.
src/routes/admin-channels.routes.ts(256,22): error TS2322: Type 'string | string[]' is not assignable to type 'string | undefined'.
  Type 'string[]' is not assignable to type 'string'.
src/routes/admin-tiers.routes.ts(17,22): error TS2322: Type 'string | string[]' is not assignable to type 'string | undefined'.
  Type 'string[]' is not assignable to type 'string'.
src/routes/admin-tiers.routes.ts(98,22): error TS2322: Type 'string | string[]' is not assignable to type 'string | undefined'.
  Type 'string[]' is not assignable to type 'string'.
src/routes/admin-tiers.routes.ts(182,22): error TS2322: Type 'string | string[]' is not assignable to type 'string | undefined'.
  Type 'string[]' is not assignable to type 'string'.
src/routes/admin-tiers.routes.ts(257,24): error TS2538: Type 'string[]' cannot be used as an index type.
src/routes/admin-tiers.routes.ts(269,22): error TS2322: Type 'string | string[]' is not assignable to type 'string | undefined'.
  Type 'string[]' is not assignable to type 'string'.
src/routes/admin-tiers.routes.ts(337,22): error TS2322: Type 'string | string[]' is not assignable to type 'string | undefined'.
  Type 'string[]' is not assignable to type 'string'.
src/routes/voice-context.routes.ts(163,36): error TS2304: Cannot find name 'phoneNumber'.
src/routes/voice-context.routes.ts(277,25): error TS2322: Type '"COMPLETED"' is not assignable to type 'ConversationStatus | EnumConversationStatusFieldUpdateOperationsInput | undefined'.
src/security/security-setup.ts(77,18): error TS2339: Property 'auth' does not exist on type 'Request<ParamsDictionary, any, any, ParsedQs, Record<string, any>>'.
src/services/ai-orchestrator/context-builder.service.ts(203,5): error TS2322: Type '{ role: MessageRole; content: string; timestamp: Date; channel: Channel; metadata: Record<string, any>; }[]' is not assignable to type '{ role: MessageRole; content: string; timestamp: Date; }[]'.
  Type '{ role: $Enums.MessageRole; content: string; timestamp: Date; channel: $Enums.Channel; metadata: Record<string, any>; }' is not assignable to type '{ role: MessageRole; content: string; timestamp: Date; }'.
    Types of property 'role' are incompatible.
      Type 'import("C:/Users/suraj/Desktop/agent/server/node_modules/.prisma/client/index").$Enums.MessageRole' is not assignable to type 'import("C:/Users/suraj/Desktop/agent/server/src/types/channel.types").MessageRole'.
        Type '"USER"' is not assignable to type 'MessageRole'.
src/services/ai-orchestrator/prompt-builder.service.ts(45,68): error TS2345: Argument of type 'boolean | undefined' is not assignable to parameter of type 'boolean'.
  Type 'undefined' is not assignable to type 'boolean'.
src/services/ai-orchestrator/prompt-builder.service.ts(108,18): error TS2339: Property 'industry' does not exist on type '{ id: string; name: string; config?: Record<string, any> | undefined; }'.
src/services/ai-orchestrator/prompt-builder.service.ts(109,75): error TS2339: Property 'industry' does not exist on type '{ id: string; name: string; config?: Record<string, any> | undefined; }'.
src/services/ai-orchestrator/prompt-builder.service.ts(134,16): error TS18048: 'customer.trustScore' is possibly 'undefined'.
src/test/utils.ts(174,7): error TS2683: 'this' implicitly has type 'any' because it does not have a type annotation.
src/test/utils.ts(175,14): error TS2683: 'this' implicitly has type 'any' because it does not have a type annotation.
src/test/utils.ts(178,7): error TS2683: 'this' implicitly has type 'any' because it does not have a type annotation.
src/test/utils.ts(179,14): error TS2683: 'this' implicitly has type 'any' because it does not have a type annotation.
src/test/utils.ts(182,7): error TS2683: 'this' implicitly has type 'any' because it does not have a type annotation.
src/test/utils.ts(183,14): error TS2683: 'this' implicitly has type 'any' because it does not have a type annotation.
